

================================================================
== Vivado HLS Report for 'matmult'
================================================================
* Date:           Tue Nov 29 15:21:04 2022

* Version:        2016.2 (Build 1577090 on Thu Jun 02 16:59:10 MDT 2016)
* Project:        1-mat_mult.prj
* Solution:       solution1
* Product family: zynq
* Target device:  xc7z020clg484-1


================================================================
== Performance Estimates
================================================================
+ Timing (ns): 
    * Summary: 
    +--------+-------+----------+------------+
    |  Clock | Target| Estimated| Uncertainty|
    +--------+-------+----------+------------+
    |ap_clk  |  10.00|     11.00|        1.25|
    +--------+-------+----------+------------+

+ Latency (clock cycles): 
    * Summary: 
    +---------+---------+---------+---------+---------+
    |      Latency      |      Interval     | Pipeline|
    |   min   |   max   |   min   |   max   |   Type  |
    +---------+---------+---------+---------+---------+
    |  4021001|  4021001|  4021002|  4021002|   none  |
    +---------+---------+---------+---------+---------+

    + Detail: 
        * Instance: 
        N/A

        * Loop: 
        +------------------------------------+---------+---------+----------+-----------+-----------+-------+----------+
        |                                    |      Latency      | Iteration|  Initiation Interval  |  Trip |          |
        |              Loop Name             |   min   |   max   |  Latency |  achieved |   target  | Count | Pipelined|
        +------------------------------------+---------+---------+----------+-----------+-----------+-------+----------+
        |- LOOP_MAT_MULT_0                   |  4021000|  4021000|     40210|          -|          -|    100|    no    |
        | + LOOP_MAT_MULT_1                  |      100|      100|         1|          -|          -|    100|    no    |
        | + LOOP_MAT_MULT_2_LOOP_MAT_MULT_3  |    40006|    40006|        11|          4|          1|  10000|    yes   |
        | + LOOP_MAT_MULT_4                  |      100|      100|         1|          -|          -|    100|    no    |
        +------------------------------------+---------+---------+----------+-----------+-----------+-------+----------+



================================================================
== Utilization Estimates
================================================================
* Summary: 
+-----------------+---------+-------+--------+-------+
|       Name      | BRAM_18K| DSP48E|   FF   |  LUT  |
+-----------------+---------+-------+--------+-------+
|DSP              |        -|      1|       -|      -|
|Expression       |        -|      -|       0|    122|
|FIFO             |        -|      -|       -|      -|
|Instance         |        -|      5|     348|   2887|
|Memory           |        -|      -|       -|      -|
|Multiplexer      |        -|      -|       -|  12897|
|Register         |        -|      -|   12963|      8|
+-----------------+---------+-------+--------+-------+
|Total            |        0|      6|   13311|  15914|
+-----------------+---------+-------+--------+-------+
|Available        |      280|    220|  106400|  53200|
+-----------------+---------+-------+--------+-------+
|Utilization (%)  |        0|      2|      12|     29|
+-----------------+---------+-------+--------+-------+

+ Detail: 
    * Instance: 
    +-----------------------------------------+--------------------------------------+---------+-------+-----+------+
    |                 Instance                |                Module                | BRAM_18K| DSP48E|  FF |  LUT |
    +-----------------------------------------+--------------------------------------+---------+-------+-----+------+
    |matmult_fadd_32ns_32ns_32_5_full_dsp_U1  |matmult_fadd_32ns_32ns_32_5_full_dsp  |        0|      2|  205|   390|
    |matmult_fmul_32ns_32ns_32_4_max_dsp_U2   |matmult_fmul_32ns_32ns_32_4_max_dsp   |        0|      3|  143|   321|
    |matmult_mux_100to1_sel7_32_1_U3          |matmult_mux_100to1_sel7_32_1          |        0|      0|    0|  1088|
    |matmult_mux_100to1_sel7_32_1_U4          |matmult_mux_100to1_sel7_32_1          |        0|      0|    0|  1088|
    +-----------------------------------------+--------------------------------------+---------+-------+-----+------+
    |Total                                    |                                      |        0|      5|  348|  2887|
    +-----------------------------------------+--------------------------------------+---------+-------+-----+------+

    * DSP48: 
    +----------------------------------------+-------------------------------------+--------------+
    |                Instance                |                Module               |  Expression  |
    +----------------------------------------+-------------------------------------+--------------+
    |matmult_mac_muladd_7ns_8ns_7ns_14_1_U5  |matmult_mac_muladd_7ns_8ns_7ns_14_1  | i0 * i1 + i2 |
    +----------------------------------------+-------------------------------------+--------------+

    * Memory: 
    N/A

    * FIFO: 
    N/A

    * Expression: 
    +---------------------------------+----------+-------+---+----+------------+------------+
    |          Variable Name          | Operation| DSP48E| FF| LUT| Bitwidth P0| Bitwidth P1|
    +---------------------------------+----------+-------+---+----+------------+------------+
    |i_1_fu_64594_p2                  |     +    |      0|  0|   7|           7|           1|
    |indvar_flatten_next_fu_64618_p2  |     +    |      0|  0|  14|          14|           1|
    |j_1_fu_64606_p2                  |     +    |      0|  0|   7|           7|           1|
    |j_2_fu_64893_p2                  |     +    |      0|  0|   7|           7|           1|
    |j_3_fu_64676_p2                  |     +    |      0|  0|   7|           7|           1|
    |k_1_fu_64624_p2                  |     +    |      0|  0|   7|           7|           1|
    |next_mul_fu_64582_p2             |     +    |      0|  0|  14|          14|           7|
    |tmp_4_fu_64658_p2                |     +    |      0|  0|  14|          14|          14|
    |tmp_5_fu_64903_p2                |     +    |      0|  0|  14|          14|          14|
    |exitcond1_fu_64630_p2            |   icmp   |      0|  0|   3|           7|           6|
    |exitcond3_fu_64600_p2            |   icmp   |      0|  0|   3|           7|           6|
    |exitcond4_fu_64588_p2            |   icmp   |      0|  0|   3|           7|           6|
    |exitcond_flatten_fu_64612_p2     |   icmp   |      0|  0|   5|          14|          14|
    |exitcond_fu_64887_p2             |   icmp   |      0|  0|   3|           7|           6|
    |j1_mid2_fu_64636_p3              |  select  |      0|  0|   7|           1|           1|
    |tmp_3_mid2_v_fu_64644_p3         |  select  |      0|  0|   7|           1|           7|
    +---------------------------------+----------+-------+---+----+------------+------------+
    |Total                            |          |      0|  0| 122|         135|          87|
    +---------------------------------+----------+-------+---+----+------------+------------+

    * Multiplexer: 
    +--------------------------------+-----+-----------+-----+-----------+
    |              Name              | LUT | Input Size| Bits| Total Bits|
    +--------------------------------+-----+-----------+-----+-----------+
    |ap_NS_fsm                       |    4|          9|    1|          9|
    |ap_reg_ppiten_pp0_it1           |    1|          2|    1|          2|
    |ap_reg_ppiten_pp0_it2           |    1|          2|    1|          2|
    |i_reg_1496                      |    7|          2|    7|         14|
    |indvar_flatten_phi_fu_32632_p4  |   14|          2|   14|         28|
    |indvar_flatten_reg_32628        |   14|          2|   14|         28|
    |j1_phi_fu_32654_p4              |    7|          2|    7|         14|
    |j1_reg_32650                    |    7|          2|    7|         14|
    |j2_reg_64461                    |    7|          2|    7|         14|
    |j_reg_32419                     |    7|          2|    7|         14|
    |k_phi_fu_32643_p4               |    7|          2|    7|         14|
    |k_reg_32639                     |    7|          2|    7|         14|
    |out_vec_0_1_reg_32110           |   32|          3|   32|         96|
    |out_vec_0_4_phi_fu_33853_p4     |   32|          2|   32|         64|
    |out_vec_0_4_reg_33849           |   32|          2|   32|         64|
    |out_vec_0_5_phi_fu_64159_p200   |   32|          3|   32|         96|
    |out_vec_10_1_reg_29020          |   32|          3|   32|         96|
    |out_vec_10_4_phi_fu_33733_p4    |   32|          2|   32|         64|
    |out_vec_10_4_reg_33729          |   32|          2|   32|         64|
    |out_vec_10_5_phi_fu_61099_p200  |   32|          3|   32|         96|
    |out_vec_11_1_reg_28711          |   32|          3|   32|         96|
    |out_vec_11_4_phi_fu_33721_p4    |   32|          2|   32|         64|
    |out_vec_11_4_reg_33717          |   32|          2|   32|         64|
    |out_vec_11_5_phi_fu_60793_p200  |   32|          3|   32|         96|
    |out_vec_12_1_reg_28402          |   32|          3|   32|         96|
    |out_vec_12_4_phi_fu_33709_p4    |   32|          2|   32|         64|
    |out_vec_12_4_reg_33705          |   32|          2|   32|         64|
    |out_vec_12_5_phi_fu_60487_p200  |   32|          3|   32|         96|
    |out_vec_13_1_reg_28093          |   32|          3|   32|         96|
    |out_vec_13_4_phi_fu_33697_p4    |   32|          2|   32|         64|
    |out_vec_13_4_reg_33693          |   32|          2|   32|         64|
    |out_vec_13_5_phi_fu_60181_p200  |   32|          3|   32|         96|
    |out_vec_14_1_reg_27784          |   32|          3|   32|         96|
    |out_vec_14_4_phi_fu_33685_p4    |   32|          2|   32|         64|
    |out_vec_14_4_reg_33681          |   32|          2|   32|         64|
    |out_vec_14_5_phi_fu_59875_p200  |   32|          3|   32|         96|
    |out_vec_15_1_reg_27475          |   32|          3|   32|         96|
    |out_vec_15_4_phi_fu_33673_p4    |   32|          2|   32|         64|
    |out_vec_15_4_reg_33669          |   32|          2|   32|         64|
    |out_vec_15_5_phi_fu_59569_p200  |   32|          3|   32|         96|
    |out_vec_16_1_reg_27166          |   32|          3|   32|         96|
    |out_vec_16_4_phi_fu_33661_p4    |   32|          2|   32|         64|
    |out_vec_16_4_reg_33657          |   32|          2|   32|         64|
    |out_vec_16_5_phi_fu_59263_p200  |   32|          3|   32|         96|
    |out_vec_17_1_reg_26857          |   32|          3|   32|         96|
    |out_vec_17_4_phi_fu_33649_p4    |   32|          2|   32|         64|
    |out_vec_17_4_reg_33645          |   32|          2|   32|         64|
    |out_vec_17_5_phi_fu_58957_p200  |   32|          3|   32|         96|
    |out_vec_18_1_reg_26548          |   32|          3|   32|         96|
    |out_vec_18_4_phi_fu_33637_p4    |   32|          2|   32|         64|
    |out_vec_18_4_reg_33633          |   32|          2|   32|         64|
    |out_vec_18_5_phi_fu_58651_p200  |   32|          3|   32|         96|
    |out_vec_19_1_reg_26239          |   32|          3|   32|         96|
    |out_vec_19_4_phi_fu_33625_p4    |   32|          2|   32|         64|
    |out_vec_19_4_reg_33621          |   32|          2|   32|         64|
    |out_vec_19_5_phi_fu_58345_p200  |   32|          3|   32|         96|
    |out_vec_1_1_reg_31801           |   32|          3|   32|         96|
    |out_vec_1_4_phi_fu_33841_p4     |   32|          2|   32|         64|
    |out_vec_1_4_reg_33837           |   32|          2|   32|         64|
    |out_vec_1_5_phi_fu_63853_p200   |   32|          3|   32|         96|
    |out_vec_20_1_reg_25930          |   32|          3|   32|         96|
    |out_vec_20_4_phi_fu_33613_p4    |   32|          2|   32|         64|
    |out_vec_20_4_reg_33609          |   32|          2|   32|         64|
    |out_vec_20_5_phi_fu_58039_p200  |   32|          3|   32|         96|
    |out_vec_21_1_reg_25621          |   32|          3|   32|         96|
    |out_vec_21_4_phi_fu_33601_p4    |   32|          2|   32|         64|
    |out_vec_21_4_reg_33597          |   32|          2|   32|         64|
    |out_vec_21_5_phi_fu_57733_p200  |   32|          3|   32|         96|
    |out_vec_22_1_reg_25312          |   32|          3|   32|         96|
    |out_vec_22_4_phi_fu_33589_p4    |   32|          2|   32|         64|
    |out_vec_22_4_reg_33585          |   32|          2|   32|         64|
    |out_vec_22_5_phi_fu_57427_p200  |   32|          3|   32|         96|
    |out_vec_23_1_reg_25003          |   32|          3|   32|         96|
    |out_vec_23_4_phi_fu_33577_p4    |   32|          2|   32|         64|
    |out_vec_23_4_reg_33573          |   32|          2|   32|         64|
    |out_vec_23_5_phi_fu_57121_p200  |   32|          3|   32|         96|
    |out_vec_24_1_reg_24694          |   32|          3|   32|         96|
    |out_vec_24_4_phi_fu_33565_p4    |   32|          2|   32|         64|
    |out_vec_24_4_reg_33561          |   32|          2|   32|         64|
    |out_vec_24_5_phi_fu_56815_p200  |   32|          3|   32|         96|
    |out_vec_25_1_reg_24385          |   32|          3|   32|         96|
    |out_vec_25_4_phi_fu_33553_p4    |   32|          2|   32|         64|
    |out_vec_25_4_reg_33549          |   32|          2|   32|         64|
    |out_vec_25_5_phi_fu_56509_p200  |   32|          3|   32|         96|
    |out_vec_26_1_reg_24076          |   32|          3|   32|         96|
    |out_vec_26_4_phi_fu_33541_p4    |   32|          2|   32|         64|
    |out_vec_26_4_reg_33537          |   32|          2|   32|         64|
    |out_vec_26_5_phi_fu_56203_p200  |   32|          3|   32|         96|
    |out_vec_27_1_reg_23767          |   32|          3|   32|         96|
    |out_vec_27_4_phi_fu_33529_p4    |   32|          2|   32|         64|
    |out_vec_27_4_reg_33525          |   32|          2|   32|         64|
    |out_vec_27_5_phi_fu_55897_p200  |   32|          3|   32|         96|
    |out_vec_28_1_reg_23458          |   32|          3|   32|         96|
    |out_vec_28_4_phi_fu_33517_p4    |   32|          2|   32|         64|
    |out_vec_28_4_reg_33513          |   32|          2|   32|         64|
    |out_vec_28_5_phi_fu_55591_p200  |   32|          3|   32|         96|
    |out_vec_29_1_reg_23149          |   32|          3|   32|         96|
    |out_vec_29_4_phi_fu_33505_p4    |   32|          2|   32|         64|
    |out_vec_29_4_reg_33501          |   32|          2|   32|         64|
    |out_vec_29_5_phi_fu_55285_p200  |   32|          3|   32|         96|
    |out_vec_2_1_reg_31492           |   32|          3|   32|         96|
    |out_vec_2_4_phi_fu_33829_p4     |   32|          2|   32|         64|
    |out_vec_2_4_reg_33825           |   32|          2|   32|         64|
    |out_vec_2_5_phi_fu_63547_p200   |   32|          3|   32|         96|
    |out_vec_30_1_reg_22840          |   32|          3|   32|         96|
    |out_vec_30_4_phi_fu_33493_p4    |   32|          2|   32|         64|
    |out_vec_30_4_reg_33489          |   32|          2|   32|         64|
    |out_vec_30_5_phi_fu_54979_p200  |   32|          3|   32|         96|
    |out_vec_31_1_reg_22531          |   32|          3|   32|         96|
    |out_vec_31_4_phi_fu_33481_p4    |   32|          2|   32|         64|
    |out_vec_31_4_reg_33477          |   32|          2|   32|         64|
    |out_vec_31_5_phi_fu_54673_p200  |   32|          3|   32|         96|
    |out_vec_32_1_reg_22222          |   32|          3|   32|         96|
    |out_vec_32_4_phi_fu_33469_p4    |   32|          2|   32|         64|
    |out_vec_32_4_reg_33465          |   32|          2|   32|         64|
    |out_vec_32_5_phi_fu_54367_p200  |   32|          3|   32|         96|
    |out_vec_33_1_reg_21913          |   32|          3|   32|         96|
    |out_vec_33_4_phi_fu_33457_p4    |   32|          2|   32|         64|
    |out_vec_33_4_reg_33453          |   32|          2|   32|         64|
    |out_vec_33_5_phi_fu_54061_p200  |   32|          3|   32|         96|
    |out_vec_34_1_reg_21604          |   32|          3|   32|         96|
    |out_vec_34_4_phi_fu_33445_p4    |   32|          2|   32|         64|
    |out_vec_34_4_reg_33441          |   32|          2|   32|         64|
    |out_vec_34_5_phi_fu_53755_p200  |   32|          3|   32|         96|
    |out_vec_35_1_reg_21295          |   32|          3|   32|         96|
    |out_vec_35_4_phi_fu_33433_p4    |   32|          2|   32|         64|
    |out_vec_35_4_reg_33429          |   32|          2|   32|         64|
    |out_vec_35_5_phi_fu_53449_p200  |   32|          3|   32|         96|
    |out_vec_36_1_reg_20986          |   32|          3|   32|         96|
    |out_vec_36_4_phi_fu_33421_p4    |   32|          2|   32|         64|
    |out_vec_36_4_reg_33417          |   32|          2|   32|         64|
    |out_vec_36_5_phi_fu_53143_p200  |   32|          3|   32|         96|
    |out_vec_37_1_reg_20677          |   32|          3|   32|         96|
    |out_vec_37_4_phi_fu_33409_p4    |   32|          2|   32|         64|
    |out_vec_37_4_reg_33405          |   32|          2|   32|         64|
    |out_vec_37_5_phi_fu_52837_p200  |   32|          3|   32|         96|
    |out_vec_38_1_reg_20368          |   32|          3|   32|         96|
    |out_vec_38_4_phi_fu_33397_p4    |   32|          2|   32|         64|
    |out_vec_38_4_reg_33393          |   32|          2|   32|         64|
    |out_vec_38_5_phi_fu_52531_p200  |   32|          3|   32|         96|
    |out_vec_39_1_reg_20059          |   32|          3|   32|         96|
    |out_vec_39_4_phi_fu_33385_p4    |   32|          2|   32|         64|
    |out_vec_39_4_reg_33381          |   32|          2|   32|         64|
    |out_vec_39_5_phi_fu_52225_p200  |   32|          3|   32|         96|
    |out_vec_3_1_reg_31183           |   32|          3|   32|         96|
    |out_vec_3_4_phi_fu_33817_p4     |   32|          2|   32|         64|
    |out_vec_3_4_reg_33813           |   32|          2|   32|         64|
    |out_vec_3_5_phi_fu_63241_p200   |   32|          3|   32|         96|
    |out_vec_40_1_reg_19750          |   32|          3|   32|         96|
    |out_vec_40_4_phi_fu_33373_p4    |   32|          2|   32|         64|
    |out_vec_40_4_reg_33369          |   32|          2|   32|         64|
    |out_vec_40_5_phi_fu_51919_p200  |   32|          3|   32|         96|
    |out_vec_41_1_reg_19441          |   32|          3|   32|         96|
    |out_vec_41_4_phi_fu_33361_p4    |   32|          2|   32|         64|
    |out_vec_41_4_reg_33357          |   32|          2|   32|         64|
    |out_vec_41_5_phi_fu_51613_p200  |   32|          3|   32|         96|
    |out_vec_42_1_reg_19132          |   32|          3|   32|         96|
    |out_vec_42_4_phi_fu_33349_p4    |   32|          2|   32|         64|
    |out_vec_42_4_reg_33345          |   32|          2|   32|         64|
    |out_vec_42_5_phi_fu_51307_p200  |   32|          3|   32|         96|
    |out_vec_43_1_reg_18823          |   32|          3|   32|         96|
    |out_vec_43_4_phi_fu_33337_p4    |   32|          2|   32|         64|
    |out_vec_43_4_reg_33333          |   32|          2|   32|         64|
    |out_vec_43_5_phi_fu_51001_p200  |   32|          3|   32|         96|
    |out_vec_44_1_reg_18514          |   32|          3|   32|         96|
    |out_vec_44_4_phi_fu_33325_p4    |   32|          2|   32|         64|
    |out_vec_44_4_reg_33321          |   32|          2|   32|         64|
    |out_vec_44_5_phi_fu_50695_p200  |   32|          3|   32|         96|
    |out_vec_45_1_reg_18205          |   32|          3|   32|         96|
    |out_vec_45_4_phi_fu_33313_p4    |   32|          2|   32|         64|
    |out_vec_45_4_reg_33309          |   32|          2|   32|         64|
    |out_vec_45_5_phi_fu_50389_p200  |   32|          3|   32|         96|
    |out_vec_46_1_reg_17896          |   32|          3|   32|         96|
    |out_vec_46_4_phi_fu_33301_p4    |   32|          2|   32|         64|
    |out_vec_46_4_reg_33297          |   32|          2|   32|         64|
    |out_vec_46_5_phi_fu_50083_p200  |   32|          3|   32|         96|
    |out_vec_47_1_reg_17587          |   32|          3|   32|         96|
    |out_vec_47_4_phi_fu_33289_p4    |   32|          2|   32|         64|
    |out_vec_47_4_reg_33285          |   32|          2|   32|         64|
    |out_vec_47_5_phi_fu_49777_p200  |   32|          3|   32|         96|
    |out_vec_48_1_reg_17278          |   32|          3|   32|         96|
    |out_vec_48_4_phi_fu_33277_p4    |   32|          2|   32|         64|
    |out_vec_48_4_reg_33273          |   32|          2|   32|         64|
    |out_vec_48_5_phi_fu_49471_p200  |   32|          3|   32|         96|
    |out_vec_49_1_reg_16969          |   32|          3|   32|         96|
    |out_vec_49_4_phi_fu_33265_p4    |   32|          2|   32|         64|
    |out_vec_49_4_reg_33261          |   32|          2|   32|         64|
    |out_vec_49_5_phi_fu_49165_p200  |   32|          3|   32|         96|
    |out_vec_4_1_reg_30874           |   32|          3|   32|         96|
    |out_vec_4_4_phi_fu_33805_p4     |   32|          2|   32|         64|
    |out_vec_4_4_reg_33801           |   32|          2|   32|         64|
    |out_vec_4_5_phi_fu_62935_p200   |   32|          3|   32|         96|
    |out_vec_50_1_reg_16660          |   32|          3|   32|         96|
    |out_vec_50_4_phi_fu_33253_p4    |   32|          2|   32|         64|
    |out_vec_50_4_reg_33249          |   32|          2|   32|         64|
    |out_vec_50_5_phi_fu_48859_p200  |   32|          3|   32|         96|
    |out_vec_51_1_reg_16351          |   32|          3|   32|         96|
    |out_vec_51_4_phi_fu_33241_p4    |   32|          2|   32|         64|
    |out_vec_51_4_reg_33237          |   32|          2|   32|         64|
    |out_vec_51_5_phi_fu_48553_p200  |   32|          3|   32|         96|
    |out_vec_52_1_reg_16042          |   32|          3|   32|         96|
    |out_vec_52_4_phi_fu_33229_p4    |   32|          2|   32|         64|
    |out_vec_52_4_reg_33225          |   32|          2|   32|         64|
    |out_vec_52_5_phi_fu_48247_p200  |   32|          3|   32|         96|
    |out_vec_53_1_reg_15733          |   32|          3|   32|         96|
    |out_vec_53_4_phi_fu_33217_p4    |   32|          2|   32|         64|
    |out_vec_53_4_reg_33213          |   32|          2|   32|         64|
    |out_vec_53_5_phi_fu_47941_p200  |   32|          3|   32|         96|
    |out_vec_54_1_reg_15424          |   32|          3|   32|         96|
    |out_vec_54_4_phi_fu_33205_p4    |   32|          2|   32|         64|
    |out_vec_54_4_reg_33201          |   32|          2|   32|         64|
    |out_vec_54_5_phi_fu_47635_p200  |   32|          3|   32|         96|
    |out_vec_55_1_reg_15115          |   32|          3|   32|         96|
    |out_vec_55_4_phi_fu_33193_p4    |   32|          2|   32|         64|
    |out_vec_55_4_reg_33189          |   32|          2|   32|         64|
    |out_vec_55_5_phi_fu_47329_p200  |   32|          3|   32|         96|
    |out_vec_56_1_reg_14806          |   32|          3|   32|         96|
    |out_vec_56_4_phi_fu_33181_p4    |   32|          2|   32|         64|
    |out_vec_56_4_reg_33177          |   32|          2|   32|         64|
    |out_vec_56_5_phi_fu_47023_p200  |   32|          3|   32|         96|
    |out_vec_57_1_reg_14497          |   32|          3|   32|         96|
    |out_vec_57_4_phi_fu_33169_p4    |   32|          2|   32|         64|
    |out_vec_57_4_reg_33165          |   32|          2|   32|         64|
    |out_vec_57_5_phi_fu_46717_p200  |   32|          3|   32|         96|
    |out_vec_58_1_reg_14188          |   32|          3|   32|         96|
    |out_vec_58_4_phi_fu_33157_p4    |   32|          2|   32|         64|
    |out_vec_58_4_reg_33153          |   32|          2|   32|         64|
    |out_vec_58_5_phi_fu_46411_p200  |   32|          3|   32|         96|
    |out_vec_59_1_reg_13879          |   32|          3|   32|         96|
    |out_vec_59_4_phi_fu_33145_p4    |   32|          2|   32|         64|
    |out_vec_59_4_reg_33141          |   32|          2|   32|         64|
    |out_vec_59_5_phi_fu_46105_p200  |   32|          3|   32|         96|
    |out_vec_5_1_reg_30565           |   32|          3|   32|         96|
    |out_vec_5_4_phi_fu_33793_p4     |   32|          2|   32|         64|
    |out_vec_5_4_reg_33789           |   32|          2|   32|         64|
    |out_vec_5_5_phi_fu_62629_p200   |   32|          3|   32|         96|
    |out_vec_60_1_reg_13570          |   32|          3|   32|         96|
    |out_vec_60_4_phi_fu_33133_p4    |   32|          2|   32|         64|
    |out_vec_60_4_reg_33129          |   32|          2|   32|         64|
    |out_vec_60_5_phi_fu_45799_p200  |   32|          3|   32|         96|
    |out_vec_61_1_reg_13261          |   32|          3|   32|         96|
    |out_vec_61_4_phi_fu_33121_p4    |   32|          2|   32|         64|
    |out_vec_61_4_reg_33117          |   32|          2|   32|         64|
    |out_vec_61_5_phi_fu_45493_p200  |   32|          3|   32|         96|
    |out_vec_62_1_reg_12952          |   32|          3|   32|         96|
    |out_vec_62_4_phi_fu_33109_p4    |   32|          2|   32|         64|
    |out_vec_62_4_reg_33105          |   32|          2|   32|         64|
    |out_vec_62_5_phi_fu_45187_p200  |   32|          3|   32|         96|
    |out_vec_63_1_reg_12643          |   32|          3|   32|         96|
    |out_vec_63_4_phi_fu_33097_p4    |   32|          2|   32|         64|
    |out_vec_63_4_reg_33093          |   32|          2|   32|         64|
    |out_vec_63_5_phi_fu_44881_p200  |   32|          3|   32|         96|
    |out_vec_64_1_reg_12334          |   32|          3|   32|         96|
    |out_vec_64_4_phi_fu_33085_p4    |   32|          2|   32|         64|
    |out_vec_64_4_reg_33081          |   32|          2|   32|         64|
    |out_vec_64_5_phi_fu_44575_p200  |   32|          3|   32|         96|
    |out_vec_65_1_reg_12025          |   32|          3|   32|         96|
    |out_vec_65_4_phi_fu_33073_p4    |   32|          2|   32|         64|
    |out_vec_65_4_reg_33069          |   32|          2|   32|         64|
    |out_vec_65_5_phi_fu_44269_p200  |   32|          3|   32|         96|
    |out_vec_66_1_reg_11716          |   32|          3|   32|         96|
    |out_vec_66_4_phi_fu_33061_p4    |   32|          2|   32|         64|
    |out_vec_66_4_reg_33057          |   32|          2|   32|         64|
    |out_vec_66_5_phi_fu_43963_p200  |   32|          3|   32|         96|
    |out_vec_67_1_reg_11407          |   32|          3|   32|         96|
    |out_vec_67_4_phi_fu_33049_p4    |   32|          2|   32|         64|
    |out_vec_67_4_reg_33045          |   32|          2|   32|         64|
    |out_vec_67_5_phi_fu_43657_p200  |   32|          3|   32|         96|
    |out_vec_68_1_reg_11098          |   32|          3|   32|         96|
    |out_vec_68_4_phi_fu_33037_p4    |   32|          2|   32|         64|
    |out_vec_68_4_reg_33033          |   32|          2|   32|         64|
    |out_vec_68_5_phi_fu_43351_p200  |   32|          3|   32|         96|
    |out_vec_69_1_reg_10789          |   32|          3|   32|         96|
    |out_vec_69_4_phi_fu_33025_p4    |   32|          2|   32|         64|
    |out_vec_69_4_reg_33021          |   32|          2|   32|         64|
    |out_vec_69_5_phi_fu_43045_p200  |   32|          3|   32|         96|
    |out_vec_6_1_reg_30256           |   32|          3|   32|         96|
    |out_vec_6_4_phi_fu_33781_p4     |   32|          2|   32|         64|
    |out_vec_6_4_reg_33777           |   32|          2|   32|         64|
    |out_vec_6_5_phi_fu_62323_p200   |   32|          3|   32|         96|
    |out_vec_70_1_reg_10480          |   32|          3|   32|         96|
    |out_vec_70_4_phi_fu_33013_p4    |   32|          2|   32|         64|
    |out_vec_70_4_reg_33009          |   32|          2|   32|         64|
    |out_vec_70_5_phi_fu_42739_p200  |   32|          3|   32|         96|
    |out_vec_71_1_reg_10171          |   32|          3|   32|         96|
    |out_vec_71_4_phi_fu_33001_p4    |   32|          2|   32|         64|
    |out_vec_71_4_reg_32997          |   32|          2|   32|         64|
    |out_vec_71_5_phi_fu_42433_p200  |   32|          3|   32|         96|
    |out_vec_72_1_reg_9862           |   32|          3|   32|         96|
    |out_vec_72_4_phi_fu_32989_p4    |   32|          2|   32|         64|
    |out_vec_72_4_reg_32985          |   32|          2|   32|         64|
    |out_vec_72_5_phi_fu_42127_p200  |   32|          3|   32|         96|
    |out_vec_73_1_reg_9553           |   32|          3|   32|         96|
    |out_vec_73_4_phi_fu_32977_p4    |   32|          2|   32|         64|
    |out_vec_73_4_reg_32973          |   32|          2|   32|         64|
    |out_vec_73_5_phi_fu_41821_p200  |   32|          3|   32|         96|
    |out_vec_74_1_reg_9244           |   32|          3|   32|         96|
    |out_vec_74_4_phi_fu_32965_p4    |   32|          2|   32|         64|
    |out_vec_74_4_reg_32961          |   32|          2|   32|         64|
    |out_vec_74_5_phi_fu_41515_p200  |   32|          3|   32|         96|
    |out_vec_75_1_reg_8935           |   32|          3|   32|         96|
    |out_vec_75_4_phi_fu_32953_p4    |   32|          2|   32|         64|
    |out_vec_75_4_reg_32949          |   32|          2|   32|         64|
    |out_vec_75_5_phi_fu_41209_p200  |   32|          3|   32|         96|
    |out_vec_76_1_reg_8626           |   32|          3|   32|         96|
    |out_vec_76_4_phi_fu_32941_p4    |   32|          2|   32|         64|
    |out_vec_76_4_reg_32937          |   32|          2|   32|         64|
    |out_vec_76_5_phi_fu_40903_p200  |   32|          3|   32|         96|
    |out_vec_77_1_reg_8317           |   32|          3|   32|         96|
    |out_vec_77_4_phi_fu_32929_p4    |   32|          2|   32|         64|
    |out_vec_77_4_reg_32925          |   32|          2|   32|         64|
    |out_vec_77_5_phi_fu_40597_p200  |   32|          3|   32|         96|
    |out_vec_78_1_reg_8008           |   32|          3|   32|         96|
    |out_vec_78_4_phi_fu_32917_p4    |   32|          2|   32|         64|
    |out_vec_78_4_reg_32913          |   32|          2|   32|         64|
    |out_vec_78_5_phi_fu_40291_p200  |   32|          3|   32|         96|
    |out_vec_79_1_reg_7699           |   32|          3|   32|         96|
    |out_vec_79_4_phi_fu_32905_p4    |   32|          2|   32|         64|
    |out_vec_79_4_reg_32901          |   32|          2|   32|         64|
    |out_vec_79_5_phi_fu_39985_p200  |   32|          3|   32|         96|
    |out_vec_7_1_reg_29947           |   32|          3|   32|         96|
    |out_vec_7_4_phi_fu_33769_p4     |   32|          2|   32|         64|
    |out_vec_7_4_reg_33765           |   32|          2|   32|         64|
    |out_vec_7_5_phi_fu_62017_p200   |   32|          3|   32|         96|
    |out_vec_80_1_reg_7390           |   32|          3|   32|         96|
    |out_vec_80_4_phi_fu_32893_p4    |   32|          2|   32|         64|
    |out_vec_80_4_reg_32889          |   32|          2|   32|         64|
    |out_vec_80_5_phi_fu_39679_p200  |   32|          3|   32|         96|
    |out_vec_81_1_reg_7081           |   32|          3|   32|         96|
    |out_vec_81_4_phi_fu_32881_p4    |   32|          2|   32|         64|
    |out_vec_81_4_reg_32877          |   32|          2|   32|         64|
    |out_vec_81_5_phi_fu_39373_p200  |   32|          3|   32|         96|
    |out_vec_82_1_reg_6772           |   32|          3|   32|         96|
    |out_vec_82_4_phi_fu_32869_p4    |   32|          2|   32|         64|
    |out_vec_82_4_reg_32865          |   32|          2|   32|         64|
    |out_vec_82_5_phi_fu_39067_p200  |   32|          3|   32|         96|
    |out_vec_83_1_reg_6463           |   32|          3|   32|         96|
    |out_vec_83_4_phi_fu_32857_p4    |   32|          2|   32|         64|
    |out_vec_83_4_reg_32853          |   32|          2|   32|         64|
    |out_vec_83_5_phi_fu_38761_p200  |   32|          3|   32|         96|
    |out_vec_84_1_reg_6154           |   32|          3|   32|         96|
    |out_vec_84_4_phi_fu_32845_p4    |   32|          2|   32|         64|
    |out_vec_84_4_reg_32841          |   32|          2|   32|         64|
    |out_vec_84_5_phi_fu_38455_p200  |   32|          3|   32|         96|
    |out_vec_85_1_reg_5845           |   32|          3|   32|         96|
    |out_vec_85_4_phi_fu_32833_p4    |   32|          2|   32|         64|
    |out_vec_85_4_reg_32829          |   32|          2|   32|         64|
    |out_vec_85_5_phi_fu_38149_p200  |   32|          3|   32|         96|
    |out_vec_86_1_reg_5536           |   32|          3|   32|         96|
    |out_vec_86_4_phi_fu_32821_p4    |   32|          2|   32|         64|
    |out_vec_86_4_reg_32817          |   32|          2|   32|         64|
    |out_vec_86_5_phi_fu_37843_p200  |   32|          3|   32|         96|
    |out_vec_87_1_reg_5227           |   32|          3|   32|         96|
    |out_vec_87_4_phi_fu_32809_p4    |   32|          2|   32|         64|
    |out_vec_87_4_reg_32805          |   32|          2|   32|         64|
    |out_vec_87_5_phi_fu_37537_p200  |   32|          3|   32|         96|
    |out_vec_88_1_reg_4918           |   32|          3|   32|         96|
    |out_vec_88_4_phi_fu_32797_p4    |   32|          2|   32|         64|
    |out_vec_88_4_reg_32793          |   32|          2|   32|         64|
    |out_vec_88_5_phi_fu_37231_p200  |   32|          3|   32|         96|
    |out_vec_89_1_reg_4609           |   32|          3|   32|         96|
    |out_vec_89_4_phi_fu_32785_p4    |   32|          2|   32|         64|
    |out_vec_89_4_reg_32781          |   32|          2|   32|         64|
    |out_vec_89_5_phi_fu_36925_p200  |   32|          3|   32|         96|
    |out_vec_8_1_reg_29638           |   32|          3|   32|         96|
    |out_vec_8_4_phi_fu_33757_p4     |   32|          2|   32|         64|
    |out_vec_8_4_reg_33753           |   32|          2|   32|         64|
    |out_vec_8_5_phi_fu_61711_p200   |   32|          3|   32|         96|
    |out_vec_90_1_reg_4300           |   32|          3|   32|         96|
    |out_vec_90_4_phi_fu_32773_p4    |   32|          2|   32|         64|
    |out_vec_90_4_reg_32769          |   32|          2|   32|         64|
    |out_vec_90_5_phi_fu_36619_p200  |   32|          3|   32|         96|
    |out_vec_91_1_reg_3991           |   32|          3|   32|         96|
    |out_vec_91_4_phi_fu_32761_p4    |   32|          2|   32|         64|
    |out_vec_91_4_reg_32757          |   32|          2|   32|         64|
    |out_vec_91_5_phi_fu_36313_p200  |   32|          3|   32|         96|
    |out_vec_92_1_reg_3682           |   32|          3|   32|         96|
    |out_vec_92_4_phi_fu_32749_p4    |   32|          2|   32|         64|
    |out_vec_92_4_reg_32745          |   32|          2|   32|         64|
    |out_vec_92_5_phi_fu_36007_p200  |   32|          3|   32|         96|
    |out_vec_93_1_reg_3373           |   32|          3|   32|         96|
    |out_vec_93_4_phi_fu_32737_p4    |   32|          2|   32|         64|
    |out_vec_93_4_reg_32733          |   32|          2|   32|         64|
    |out_vec_93_5_phi_fu_35701_p200  |   32|          3|   32|         96|
    |out_vec_94_1_reg_3064           |   32|          3|   32|         96|
    |out_vec_94_4_phi_fu_32725_p4    |   32|          2|   32|         64|
    |out_vec_94_4_reg_32721          |   32|          2|   32|         64|
    |out_vec_94_5_phi_fu_35395_p200  |   32|          3|   32|         96|
    |out_vec_95_1_reg_2755           |   32|          3|   32|         96|
    |out_vec_95_4_phi_fu_32713_p4    |   32|          2|   32|         64|
    |out_vec_95_4_reg_32709          |   32|          2|   32|         64|
    |out_vec_95_5_phi_fu_35089_p200  |   32|          3|   32|         96|
    |out_vec_96_1_reg_2446           |   32|          3|   32|         96|
    |out_vec_96_4_phi_fu_32701_p4    |   32|          2|   32|         64|
    |out_vec_96_4_reg_32697          |   32|          2|   32|         64|
    |out_vec_96_5_phi_fu_34783_p200  |   32|          3|   32|         96|
    |out_vec_97_1_reg_2137           |   32|          3|   32|         96|
    |out_vec_97_4_phi_fu_32689_p4    |   32|          2|   32|         64|
    |out_vec_97_4_reg_32685          |   32|          2|   32|         64|
    |out_vec_97_5_phi_fu_34477_p200  |   32|          3|   32|         96|
    |out_vec_98_1_reg_1828           |   32|          3|   32|         96|
    |out_vec_98_4_phi_fu_32677_p4    |   32|          2|   32|         64|
    |out_vec_98_4_reg_32673          |   32|          2|   32|         64|
    |out_vec_98_5_phi_fu_34171_p200  |   32|          3|   32|         96|
    |out_vec_99_1_reg_1519           |   32|          3|   32|         96|
    |out_vec_99_4_phi_fu_32665_p4    |   32|          2|   32|         64|
    |out_vec_99_4_reg_32661          |   32|          2|   32|         64|
    |out_vec_99_5_phi_fu_33865_p200  |   32|          3|   32|         96|
    |out_vec_9_1_reg_29329           |   32|          3|   32|         96|
    |out_vec_9_4_phi_fu_33745_p4     |   32|          2|   32|         64|
    |out_vec_9_4_reg_33741           |   32|          2|   32|         64|
    |out_vec_9_5_phi_fu_61405_p200   |   32|          3|   32|         96|
    |phi_mul_reg_1507                |   14|          2|   14|         28|
    +--------------------------------+-----+-----------+-----+-----------+
    |Total                           |12897|       1033|12894|      32195|
    +--------------------------------+-----+-----------+-----+-----------+

    * Register: 
    +------------------------------------------------+-----+----+-----+-----------+
    |                      Name                      |  FF | LUT| Bits| Const Bits|
    +------------------------------------------------+-----+----+-----+-----------+
    |ap_CS_fsm                                       |    8|   0|    8|          0|
    |ap_reg_phiprechg_out_vec_0_5_reg_64155pp0_it2   |   32|   0|   32|          0|
    |ap_reg_phiprechg_out_vec_10_5_reg_61095pp0_it2  |   32|   0|   32|          0|
    |ap_reg_phiprechg_out_vec_11_5_reg_60789pp0_it2  |   32|   0|   32|          0|
    |ap_reg_phiprechg_out_vec_12_5_reg_60483pp0_it2  |   32|   0|   32|          0|
    |ap_reg_phiprechg_out_vec_13_5_reg_60177pp0_it2  |   32|   0|   32|          0|
    |ap_reg_phiprechg_out_vec_14_5_reg_59871pp0_it2  |   32|   0|   32|          0|
    |ap_reg_phiprechg_out_vec_15_5_reg_59565pp0_it2  |   32|   0|   32|          0|
    |ap_reg_phiprechg_out_vec_16_5_reg_59259pp0_it2  |   32|   0|   32|          0|
    |ap_reg_phiprechg_out_vec_17_5_reg_58953pp0_it2  |   32|   0|   32|          0|
    |ap_reg_phiprechg_out_vec_18_5_reg_58647pp0_it2  |   32|   0|   32|          0|
    |ap_reg_phiprechg_out_vec_19_5_reg_58341pp0_it2  |   32|   0|   32|          0|
    |ap_reg_phiprechg_out_vec_1_5_reg_63849pp0_it2   |   32|   0|   32|          0|
    |ap_reg_phiprechg_out_vec_20_5_reg_58035pp0_it2  |   32|   0|   32|          0|
    |ap_reg_phiprechg_out_vec_21_5_reg_57729pp0_it2  |   32|   0|   32|          0|
    |ap_reg_phiprechg_out_vec_22_5_reg_57423pp0_it2  |   32|   0|   32|          0|
    |ap_reg_phiprechg_out_vec_23_5_reg_57117pp0_it2  |   32|   0|   32|          0|
    |ap_reg_phiprechg_out_vec_24_5_reg_56811pp0_it2  |   32|   0|   32|          0|
    |ap_reg_phiprechg_out_vec_25_5_reg_56505pp0_it2  |   32|   0|   32|          0|
    |ap_reg_phiprechg_out_vec_26_5_reg_56199pp0_it2  |   32|   0|   32|          0|
    |ap_reg_phiprechg_out_vec_27_5_reg_55893pp0_it2  |   32|   0|   32|          0|
    |ap_reg_phiprechg_out_vec_28_5_reg_55587pp0_it2  |   32|   0|   32|          0|
    |ap_reg_phiprechg_out_vec_29_5_reg_55281pp0_it2  |   32|   0|   32|          0|
    |ap_reg_phiprechg_out_vec_2_5_reg_63543pp0_it2   |   32|   0|   32|          0|
    |ap_reg_phiprechg_out_vec_30_5_reg_54975pp0_it2  |   32|   0|   32|          0|
    |ap_reg_phiprechg_out_vec_31_5_reg_54669pp0_it2  |   32|   0|   32|          0|
    |ap_reg_phiprechg_out_vec_32_5_reg_54363pp0_it2  |   32|   0|   32|          0|
    |ap_reg_phiprechg_out_vec_33_5_reg_54057pp0_it2  |   32|   0|   32|          0|
    |ap_reg_phiprechg_out_vec_34_5_reg_53751pp0_it2  |   32|   0|   32|          0|
    |ap_reg_phiprechg_out_vec_35_5_reg_53445pp0_it2  |   32|   0|   32|          0|
    |ap_reg_phiprechg_out_vec_36_5_reg_53139pp0_it2  |   32|   0|   32|          0|
    |ap_reg_phiprechg_out_vec_37_5_reg_52833pp0_it2  |   32|   0|   32|          0|
    |ap_reg_phiprechg_out_vec_38_5_reg_52527pp0_it2  |   32|   0|   32|          0|
    |ap_reg_phiprechg_out_vec_39_5_reg_52221pp0_it2  |   32|   0|   32|          0|
    |ap_reg_phiprechg_out_vec_3_5_reg_63237pp0_it2   |   32|   0|   32|          0|
    |ap_reg_phiprechg_out_vec_40_5_reg_51915pp0_it2  |   32|   0|   32|          0|
    |ap_reg_phiprechg_out_vec_41_5_reg_51609pp0_it2  |   32|   0|   32|          0|
    |ap_reg_phiprechg_out_vec_42_5_reg_51303pp0_it2  |   32|   0|   32|          0|
    |ap_reg_phiprechg_out_vec_43_5_reg_50997pp0_it2  |   32|   0|   32|          0|
    |ap_reg_phiprechg_out_vec_44_5_reg_50691pp0_it2  |   32|   0|   32|          0|
    |ap_reg_phiprechg_out_vec_45_5_reg_50385pp0_it2  |   32|   0|   32|          0|
    |ap_reg_phiprechg_out_vec_46_5_reg_50079pp0_it2  |   32|   0|   32|          0|
    |ap_reg_phiprechg_out_vec_47_5_reg_49773pp0_it2  |   32|   0|   32|          0|
    |ap_reg_phiprechg_out_vec_48_5_reg_49467pp0_it2  |   32|   0|   32|          0|
    |ap_reg_phiprechg_out_vec_49_5_reg_49161pp0_it2  |   32|   0|   32|          0|
    |ap_reg_phiprechg_out_vec_4_5_reg_62931pp0_it2   |   32|   0|   32|          0|
    |ap_reg_phiprechg_out_vec_50_5_reg_48855pp0_it2  |   32|   0|   32|          0|
    |ap_reg_phiprechg_out_vec_51_5_reg_48549pp0_it2  |   32|   0|   32|          0|
    |ap_reg_phiprechg_out_vec_52_5_reg_48243pp0_it2  |   32|   0|   32|          0|
    |ap_reg_phiprechg_out_vec_53_5_reg_47937pp0_it2  |   32|   0|   32|          0|
    |ap_reg_phiprechg_out_vec_54_5_reg_47631pp0_it2  |   32|   0|   32|          0|
    |ap_reg_phiprechg_out_vec_55_5_reg_47325pp0_it2  |   32|   0|   32|          0|
    |ap_reg_phiprechg_out_vec_56_5_reg_47019pp0_it2  |   32|   0|   32|          0|
    |ap_reg_phiprechg_out_vec_57_5_reg_46713pp0_it2  |   32|   0|   32|          0|
    |ap_reg_phiprechg_out_vec_58_5_reg_46407pp0_it2  |   32|   0|   32|          0|
    |ap_reg_phiprechg_out_vec_59_5_reg_46101pp0_it2  |   32|   0|   32|          0|
    |ap_reg_phiprechg_out_vec_5_5_reg_62625pp0_it2   |   32|   0|   32|          0|
    |ap_reg_phiprechg_out_vec_60_5_reg_45795pp0_it2  |   32|   0|   32|          0|
    |ap_reg_phiprechg_out_vec_61_5_reg_45489pp0_it2  |   32|   0|   32|          0|
    |ap_reg_phiprechg_out_vec_62_5_reg_45183pp0_it2  |   32|   0|   32|          0|
    |ap_reg_phiprechg_out_vec_63_5_reg_44877pp0_it2  |   32|   0|   32|          0|
    |ap_reg_phiprechg_out_vec_64_5_reg_44571pp0_it2  |   32|   0|   32|          0|
    |ap_reg_phiprechg_out_vec_65_5_reg_44265pp0_it2  |   32|   0|   32|          0|
    |ap_reg_phiprechg_out_vec_66_5_reg_43959pp0_it2  |   32|   0|   32|          0|
    |ap_reg_phiprechg_out_vec_67_5_reg_43653pp0_it2  |   32|   0|   32|          0|
    |ap_reg_phiprechg_out_vec_68_5_reg_43347pp0_it2  |   32|   0|   32|          0|
    |ap_reg_phiprechg_out_vec_69_5_reg_43041pp0_it2  |   32|   0|   32|          0|
    |ap_reg_phiprechg_out_vec_6_5_reg_62319pp0_it2   |   32|   0|   32|          0|
    |ap_reg_phiprechg_out_vec_70_5_reg_42735pp0_it2  |   32|   0|   32|          0|
    |ap_reg_phiprechg_out_vec_71_5_reg_42429pp0_it2  |   32|   0|   32|          0|
    |ap_reg_phiprechg_out_vec_72_5_reg_42123pp0_it2  |   32|   0|   32|          0|
    |ap_reg_phiprechg_out_vec_73_5_reg_41817pp0_it2  |   32|   0|   32|          0|
    |ap_reg_phiprechg_out_vec_74_5_reg_41511pp0_it2  |   32|   0|   32|          0|
    |ap_reg_phiprechg_out_vec_75_5_reg_41205pp0_it2  |   32|   0|   32|          0|
    |ap_reg_phiprechg_out_vec_76_5_reg_40899pp0_it2  |   32|   0|   32|          0|
    |ap_reg_phiprechg_out_vec_77_5_reg_40593pp0_it2  |   32|   0|   32|          0|
    |ap_reg_phiprechg_out_vec_78_5_reg_40287pp0_it2  |   32|   0|   32|          0|
    |ap_reg_phiprechg_out_vec_79_5_reg_39981pp0_it2  |   32|   0|   32|          0|
    |ap_reg_phiprechg_out_vec_7_5_reg_62013pp0_it2   |   32|   0|   32|          0|
    |ap_reg_phiprechg_out_vec_80_5_reg_39675pp0_it2  |   32|   0|   32|          0|
    |ap_reg_phiprechg_out_vec_81_5_reg_39369pp0_it2  |   32|   0|   32|          0|
    |ap_reg_phiprechg_out_vec_82_5_reg_39063pp0_it2  |   32|   0|   32|          0|
    |ap_reg_phiprechg_out_vec_83_5_reg_38757pp0_it2  |   32|   0|   32|          0|
    |ap_reg_phiprechg_out_vec_84_5_reg_38451pp0_it2  |   32|   0|   32|          0|
    |ap_reg_phiprechg_out_vec_85_5_reg_38145pp0_it2  |   32|   0|   32|          0|
    |ap_reg_phiprechg_out_vec_86_5_reg_37839pp0_it2  |   32|   0|   32|          0|
    |ap_reg_phiprechg_out_vec_87_5_reg_37533pp0_it2  |   32|   0|   32|          0|
    |ap_reg_phiprechg_out_vec_88_5_reg_37227pp0_it2  |   32|   0|   32|          0|
    |ap_reg_phiprechg_out_vec_89_5_reg_36921pp0_it2  |   32|   0|   32|          0|
    |ap_reg_phiprechg_out_vec_8_5_reg_61707pp0_it2   |   32|   0|   32|          0|
    |ap_reg_phiprechg_out_vec_90_5_reg_36615pp0_it2  |   32|   0|   32|          0|
    |ap_reg_phiprechg_out_vec_91_5_reg_36309pp0_it2  |   32|   0|   32|          0|
    |ap_reg_phiprechg_out_vec_92_5_reg_36003pp0_it2  |   32|   0|   32|          0|
    |ap_reg_phiprechg_out_vec_93_5_reg_35697pp0_it2  |   32|   0|   32|          0|
    |ap_reg_phiprechg_out_vec_94_5_reg_35391pp0_it2  |   32|   0|   32|          0|
    |ap_reg_phiprechg_out_vec_95_5_reg_35085pp0_it2  |   32|   0|   32|          0|
    |ap_reg_phiprechg_out_vec_96_5_reg_34779pp0_it2  |   32|   0|   32|          0|
    |ap_reg_phiprechg_out_vec_97_5_reg_34473pp0_it2  |   32|   0|   32|          0|
    |ap_reg_phiprechg_out_vec_98_5_reg_34167pp0_it2  |   32|   0|   32|          0|
    |ap_reg_phiprechg_out_vec_99_5_reg_33861pp0_it2  |   32|   0|   32|          0|
    |ap_reg_phiprechg_out_vec_9_5_reg_61401pp0_it2   |   32|   0|   32|          0|
    |ap_reg_ppiten_pp0_it0                           |    1|   0|    1|          0|
    |ap_reg_ppiten_pp0_it1                           |    1|   0|    1|          0|
    |ap_reg_ppiten_pp0_it2                           |    1|   0|    1|          0|
    |exitcond_flatten_reg_65251                      |    1|   0|    1|          0|
    |i_1_reg_65138                                   |    7|   0|    7|          0|
    |i_reg_1496                                      |    7|   0|    7|          0|
    |indvar_flatten_next_reg_65255                   |   14|   0|   14|          0|
    |indvar_flatten_reg_32628                        |   14|   0|   14|          0|
    |j1_mid2_reg_65260                               |    7|   0|    7|          0|
    |j1_reg_32650                                    |    7|   0|    7|          0|
    |j2_reg_64461                                    |    7|   0|    7|          0|
    |j_3_reg_65294                                   |    7|   0|    7|          0|
    |j_reg_32419                                     |    7|   0|    7|          0|
    |k_reg_32639                                     |    7|   0|    7|          0|
    |next_mul_reg_65130                              |   14|   0|   14|          0|
    |out_vec_0_1_reg_32110                           |   32|   0|   32|          0|
    |out_vec_0_4_reg_33849                           |   32|   0|   32|          0|
    |out_vec_0_reg_1484                              |   32|   0|   32|          0|
    |out_vec_10_1_reg_29020                          |   32|   0|   32|          0|
    |out_vec_10_4_reg_33729                          |   32|   0|   32|          0|
    |out_vec_10_reg_1364                             |   32|   0|   32|          0|
    |out_vec_11_1_reg_28711                          |   32|   0|   32|          0|
    |out_vec_11_4_reg_33717                          |   32|   0|   32|          0|
    |out_vec_11_reg_1352                             |   32|   0|   32|          0|
    |out_vec_12_1_reg_28402                          |   32|   0|   32|          0|
    |out_vec_12_4_reg_33705                          |   32|   0|   32|          0|
    |out_vec_12_reg_1340                             |   32|   0|   32|          0|
    |out_vec_13_1_reg_28093                          |   32|   0|   32|          0|
    |out_vec_13_4_reg_33693                          |   32|   0|   32|          0|
    |out_vec_13_reg_1328                             |   32|   0|   32|          0|
    |out_vec_14_1_reg_27784                          |   32|   0|   32|          0|
    |out_vec_14_4_reg_33681                          |   32|   0|   32|          0|
    |out_vec_14_reg_1316                             |   32|   0|   32|          0|
    |out_vec_15_1_reg_27475                          |   32|   0|   32|          0|
    |out_vec_15_4_reg_33669                          |   32|   0|   32|          0|
    |out_vec_15_reg_1304                             |   32|   0|   32|          0|
    |out_vec_16_1_reg_27166                          |   32|   0|   32|          0|
    |out_vec_16_4_reg_33657                          |   32|   0|   32|          0|
    |out_vec_16_reg_1292                             |   32|   0|   32|          0|
    |out_vec_17_1_reg_26857                          |   32|   0|   32|          0|
    |out_vec_17_4_reg_33645                          |   32|   0|   32|          0|
    |out_vec_17_reg_1280                             |   32|   0|   32|          0|
    |out_vec_18_1_reg_26548                          |   32|   0|   32|          0|
    |out_vec_18_4_reg_33633                          |   32|   0|   32|          0|
    |out_vec_18_reg_1268                             |   32|   0|   32|          0|
    |out_vec_19_1_reg_26239                          |   32|   0|   32|          0|
    |out_vec_19_4_reg_33621                          |   32|   0|   32|          0|
    |out_vec_19_reg_1256                             |   32|   0|   32|          0|
    |out_vec_1_1_reg_31801                           |   32|   0|   32|          0|
    |out_vec_1_4_reg_33837                           |   32|   0|   32|          0|
    |out_vec_1_reg_1472                              |   32|   0|   32|          0|
    |out_vec_20_1_reg_25930                          |   32|   0|   32|          0|
    |out_vec_20_4_reg_33609                          |   32|   0|   32|          0|
    |out_vec_20_reg_1244                             |   32|   0|   32|          0|
    |out_vec_21_1_reg_25621                          |   32|   0|   32|          0|
    |out_vec_21_4_reg_33597                          |   32|   0|   32|          0|
    |out_vec_21_reg_1232                             |   32|   0|   32|          0|
    |out_vec_22_1_reg_25312                          |   32|   0|   32|          0|
    |out_vec_22_4_reg_33585                          |   32|   0|   32|          0|
    |out_vec_22_reg_1220                             |   32|   0|   32|          0|
    |out_vec_23_1_reg_25003                          |   32|   0|   32|          0|
    |out_vec_23_4_reg_33573                          |   32|   0|   32|          0|
    |out_vec_23_reg_1208                             |   32|   0|   32|          0|
    |out_vec_24_1_reg_24694                          |   32|   0|   32|          0|
    |out_vec_24_4_reg_33561                          |   32|   0|   32|          0|
    |out_vec_24_reg_1196                             |   32|   0|   32|          0|
    |out_vec_25_1_reg_24385                          |   32|   0|   32|          0|
    |out_vec_25_4_reg_33549                          |   32|   0|   32|          0|
    |out_vec_25_reg_1184                             |   32|   0|   32|          0|
    |out_vec_26_1_reg_24076                          |   32|   0|   32|          0|
    |out_vec_26_4_reg_33537                          |   32|   0|   32|          0|
    |out_vec_26_reg_1172                             |   32|   0|   32|          0|
    |out_vec_27_1_reg_23767                          |   32|   0|   32|          0|
    |out_vec_27_4_reg_33525                          |   32|   0|   32|          0|
    |out_vec_27_reg_1160                             |   32|   0|   32|          0|
    |out_vec_28_1_reg_23458                          |   32|   0|   32|          0|
    |out_vec_28_4_reg_33513                          |   32|   0|   32|          0|
    |out_vec_28_reg_1148                             |   32|   0|   32|          0|
    |out_vec_29_1_reg_23149                          |   32|   0|   32|          0|
    |out_vec_29_4_reg_33501                          |   32|   0|   32|          0|
    |out_vec_29_reg_1136                             |   32|   0|   32|          0|
    |out_vec_2_1_reg_31492                           |   32|   0|   32|          0|
    |out_vec_2_4_reg_33825                           |   32|   0|   32|          0|
    |out_vec_2_reg_1460                              |   32|   0|   32|          0|
    |out_vec_30_1_reg_22840                          |   32|   0|   32|          0|
    |out_vec_30_4_reg_33489                          |   32|   0|   32|          0|
    |out_vec_30_reg_1124                             |   32|   0|   32|          0|
    |out_vec_31_1_reg_22531                          |   32|   0|   32|          0|
    |out_vec_31_4_reg_33477                          |   32|   0|   32|          0|
    |out_vec_31_reg_1112                             |   32|   0|   32|          0|
    |out_vec_32_1_reg_22222                          |   32|   0|   32|          0|
    |out_vec_32_4_reg_33465                          |   32|   0|   32|          0|
    |out_vec_32_reg_1100                             |   32|   0|   32|          0|
    |out_vec_33_1_reg_21913                          |   32|   0|   32|          0|
    |out_vec_33_4_reg_33453                          |   32|   0|   32|          0|
    |out_vec_33_reg_1088                             |   32|   0|   32|          0|
    |out_vec_34_1_reg_21604                          |   32|   0|   32|          0|
    |out_vec_34_4_reg_33441                          |   32|   0|   32|          0|
    |out_vec_34_reg_1076                             |   32|   0|   32|          0|
    |out_vec_35_1_reg_21295                          |   32|   0|   32|          0|
    |out_vec_35_4_reg_33429                          |   32|   0|   32|          0|
    |out_vec_35_reg_1064                             |   32|   0|   32|          0|
    |out_vec_36_1_reg_20986                          |   32|   0|   32|          0|
    |out_vec_36_4_reg_33417                          |   32|   0|   32|          0|
    |out_vec_36_reg_1052                             |   32|   0|   32|          0|
    |out_vec_37_1_reg_20677                          |   32|   0|   32|          0|
    |out_vec_37_4_reg_33405                          |   32|   0|   32|          0|
    |out_vec_37_reg_1040                             |   32|   0|   32|          0|
    |out_vec_38_1_reg_20368                          |   32|   0|   32|          0|
    |out_vec_38_4_reg_33393                          |   32|   0|   32|          0|
    |out_vec_38_reg_1028                             |   32|   0|   32|          0|
    |out_vec_39_1_reg_20059                          |   32|   0|   32|          0|
    |out_vec_39_4_reg_33381                          |   32|   0|   32|          0|
    |out_vec_39_reg_1016                             |   32|   0|   32|          0|
    |out_vec_3_1_reg_31183                           |   32|   0|   32|          0|
    |out_vec_3_4_reg_33813                           |   32|   0|   32|          0|
    |out_vec_3_reg_1448                              |   32|   0|   32|          0|
    |out_vec_40_1_reg_19750                          |   32|   0|   32|          0|
    |out_vec_40_4_reg_33369                          |   32|   0|   32|          0|
    |out_vec_40_reg_1004                             |   32|   0|   32|          0|
    |out_vec_41_1_reg_19441                          |   32|   0|   32|          0|
    |out_vec_41_4_reg_33357                          |   32|   0|   32|          0|
    |out_vec_41_reg_992                              |   32|   0|   32|          0|
    |out_vec_42_1_reg_19132                          |   32|   0|   32|          0|
    |out_vec_42_4_reg_33345                          |   32|   0|   32|          0|
    |out_vec_42_reg_980                              |   32|   0|   32|          0|
    |out_vec_43_1_reg_18823                          |   32|   0|   32|          0|
    |out_vec_43_4_reg_33333                          |   32|   0|   32|          0|
    |out_vec_43_reg_968                              |   32|   0|   32|          0|
    |out_vec_44_1_reg_18514                          |   32|   0|   32|          0|
    |out_vec_44_4_reg_33321                          |   32|   0|   32|          0|
    |out_vec_44_reg_956                              |   32|   0|   32|          0|
    |out_vec_45_1_reg_18205                          |   32|   0|   32|          0|
    |out_vec_45_4_reg_33309                          |   32|   0|   32|          0|
    |out_vec_45_reg_944                              |   32|   0|   32|          0|
    |out_vec_46_1_reg_17896                          |   32|   0|   32|          0|
    |out_vec_46_4_reg_33297                          |   32|   0|   32|          0|
    |out_vec_46_reg_932                              |   32|   0|   32|          0|
    |out_vec_47_1_reg_17587                          |   32|   0|   32|          0|
    |out_vec_47_4_reg_33285                          |   32|   0|   32|          0|
    |out_vec_47_reg_920                              |   32|   0|   32|          0|
    |out_vec_48_1_reg_17278                          |   32|   0|   32|          0|
    |out_vec_48_4_reg_33273                          |   32|   0|   32|          0|
    |out_vec_48_reg_908                              |   32|   0|   32|          0|
    |out_vec_49_1_reg_16969                          |   32|   0|   32|          0|
    |out_vec_49_4_reg_33261                          |   32|   0|   32|          0|
    |out_vec_49_reg_896                              |   32|   0|   32|          0|
    |out_vec_4_1_reg_30874                           |   32|   0|   32|          0|
    |out_vec_4_4_reg_33801                           |   32|   0|   32|          0|
    |out_vec_4_reg_1436                              |   32|   0|   32|          0|
    |out_vec_50_1_reg_16660                          |   32|   0|   32|          0|
    |out_vec_50_4_reg_33249                          |   32|   0|   32|          0|
    |out_vec_50_reg_884                              |   32|   0|   32|          0|
    |out_vec_51_1_reg_16351                          |   32|   0|   32|          0|
    |out_vec_51_4_reg_33237                          |   32|   0|   32|          0|
    |out_vec_51_reg_872                              |   32|   0|   32|          0|
    |out_vec_52_1_reg_16042                          |   32|   0|   32|          0|
    |out_vec_52_4_reg_33225                          |   32|   0|   32|          0|
    |out_vec_52_reg_860                              |   32|   0|   32|          0|
    |out_vec_53_1_reg_15733                          |   32|   0|   32|          0|
    |out_vec_53_4_reg_33213                          |   32|   0|   32|          0|
    |out_vec_53_reg_848                              |   32|   0|   32|          0|
    |out_vec_54_1_reg_15424                          |   32|   0|   32|          0|
    |out_vec_54_4_reg_33201                          |   32|   0|   32|          0|
    |out_vec_54_reg_836                              |   32|   0|   32|          0|
    |out_vec_55_1_reg_15115                          |   32|   0|   32|          0|
    |out_vec_55_4_reg_33189                          |   32|   0|   32|          0|
    |out_vec_55_reg_824                              |   32|   0|   32|          0|
    |out_vec_56_1_reg_14806                          |   32|   0|   32|          0|
    |out_vec_56_4_reg_33177                          |   32|   0|   32|          0|
    |out_vec_56_reg_812                              |   32|   0|   32|          0|
    |out_vec_57_1_reg_14497                          |   32|   0|   32|          0|
    |out_vec_57_4_reg_33165                          |   32|   0|   32|          0|
    |out_vec_57_reg_800                              |   32|   0|   32|          0|
    |out_vec_58_1_reg_14188                          |   32|   0|   32|          0|
    |out_vec_58_4_reg_33153                          |   32|   0|   32|          0|
    |out_vec_58_reg_788                              |   32|   0|   32|          0|
    |out_vec_59_1_reg_13879                          |   32|   0|   32|          0|
    |out_vec_59_4_reg_33141                          |   32|   0|   32|          0|
    |out_vec_59_reg_776                              |   32|   0|   32|          0|
    |out_vec_5_1_reg_30565                           |   32|   0|   32|          0|
    |out_vec_5_4_reg_33789                           |   32|   0|   32|          0|
    |out_vec_5_reg_1424                              |   32|   0|   32|          0|
    |out_vec_60_1_reg_13570                          |   32|   0|   32|          0|
    |out_vec_60_4_reg_33129                          |   32|   0|   32|          0|
    |out_vec_60_reg_764                              |   32|   0|   32|          0|
    |out_vec_61_1_reg_13261                          |   32|   0|   32|          0|
    |out_vec_61_4_reg_33117                          |   32|   0|   32|          0|
    |out_vec_61_reg_752                              |   32|   0|   32|          0|
    |out_vec_62_1_reg_12952                          |   32|   0|   32|          0|
    |out_vec_62_4_reg_33105                          |   32|   0|   32|          0|
    |out_vec_62_reg_740                              |   32|   0|   32|          0|
    |out_vec_63_1_reg_12643                          |   32|   0|   32|          0|
    |out_vec_63_4_reg_33093                          |   32|   0|   32|          0|
    |out_vec_63_reg_728                              |   32|   0|   32|          0|
    |out_vec_64_1_reg_12334                          |   32|   0|   32|          0|
    |out_vec_64_4_reg_33081                          |   32|   0|   32|          0|
    |out_vec_64_reg_716                              |   32|   0|   32|          0|
    |out_vec_65_1_reg_12025                          |   32|   0|   32|          0|
    |out_vec_65_4_reg_33069                          |   32|   0|   32|          0|
    |out_vec_65_reg_704                              |   32|   0|   32|          0|
    |out_vec_66_1_reg_11716                          |   32|   0|   32|          0|
    |out_vec_66_4_reg_33057                          |   32|   0|   32|          0|
    |out_vec_66_reg_692                              |   32|   0|   32|          0|
    |out_vec_67_1_reg_11407                          |   32|   0|   32|          0|
    |out_vec_67_4_reg_33045                          |   32|   0|   32|          0|
    |out_vec_67_reg_680                              |   32|   0|   32|          0|
    |out_vec_68_1_reg_11098                          |   32|   0|   32|          0|
    |out_vec_68_4_reg_33033                          |   32|   0|   32|          0|
    |out_vec_68_reg_668                              |   32|   0|   32|          0|
    |out_vec_69_1_reg_10789                          |   32|   0|   32|          0|
    |out_vec_69_4_reg_33021                          |   32|   0|   32|          0|
    |out_vec_69_reg_656                              |   32|   0|   32|          0|
    |out_vec_6_1_reg_30256                           |   32|   0|   32|          0|
    |out_vec_6_4_reg_33777                           |   32|   0|   32|          0|
    |out_vec_6_reg_1412                              |   32|   0|   32|          0|
    |out_vec_70_1_reg_10480                          |   32|   0|   32|          0|
    |out_vec_70_4_reg_33009                          |   32|   0|   32|          0|
    |out_vec_70_reg_644                              |   32|   0|   32|          0|
    |out_vec_71_1_reg_10171                          |   32|   0|   32|          0|
    |out_vec_71_4_reg_32997                          |   32|   0|   32|          0|
    |out_vec_71_reg_632                              |   32|   0|   32|          0|
    |out_vec_72_1_reg_9862                           |   32|   0|   32|          0|
    |out_vec_72_4_reg_32985                          |   32|   0|   32|          0|
    |out_vec_72_reg_620                              |   32|   0|   32|          0|
    |out_vec_73_1_reg_9553                           |   32|   0|   32|          0|
    |out_vec_73_4_reg_32973                          |   32|   0|   32|          0|
    |out_vec_73_reg_608                              |   32|   0|   32|          0|
    |out_vec_74_1_reg_9244                           |   32|   0|   32|          0|
    |out_vec_74_4_reg_32961                          |   32|   0|   32|          0|
    |out_vec_74_reg_596                              |   32|   0|   32|          0|
    |out_vec_75_1_reg_8935                           |   32|   0|   32|          0|
    |out_vec_75_4_reg_32949                          |   32|   0|   32|          0|
    |out_vec_75_reg_584                              |   32|   0|   32|          0|
    |out_vec_76_1_reg_8626                           |   32|   0|   32|          0|
    |out_vec_76_4_reg_32937                          |   32|   0|   32|          0|
    |out_vec_76_reg_572                              |   32|   0|   32|          0|
    |out_vec_77_1_reg_8317                           |   32|   0|   32|          0|
    |out_vec_77_4_reg_32925                          |   32|   0|   32|          0|
    |out_vec_77_reg_560                              |   32|   0|   32|          0|
    |out_vec_78_1_reg_8008                           |   32|   0|   32|          0|
    |out_vec_78_4_reg_32913                          |   32|   0|   32|          0|
    |out_vec_78_reg_548                              |   32|   0|   32|          0|
    |out_vec_79_1_reg_7699                           |   32|   0|   32|          0|
    |out_vec_79_4_reg_32901                          |   32|   0|   32|          0|
    |out_vec_79_reg_536                              |   32|   0|   32|          0|
    |out_vec_7_1_reg_29947                           |   32|   0|   32|          0|
    |out_vec_7_4_reg_33765                           |   32|   0|   32|          0|
    |out_vec_7_reg_1400                              |   32|   0|   32|          0|
    |out_vec_80_1_reg_7390                           |   32|   0|   32|          0|
    |out_vec_80_4_reg_32889                          |   32|   0|   32|          0|
    |out_vec_80_reg_524                              |   32|   0|   32|          0|
    |out_vec_81_1_reg_7081                           |   32|   0|   32|          0|
    |out_vec_81_4_reg_32877                          |   32|   0|   32|          0|
    |out_vec_81_reg_512                              |   32|   0|   32|          0|
    |out_vec_82_1_reg_6772                           |   32|   0|   32|          0|
    |out_vec_82_4_reg_32865                          |   32|   0|   32|          0|
    |out_vec_82_reg_500                              |   32|   0|   32|          0|
    |out_vec_83_1_reg_6463                           |   32|   0|   32|          0|
    |out_vec_83_4_reg_32853                          |   32|   0|   32|          0|
    |out_vec_83_reg_488                              |   32|   0|   32|          0|
    |out_vec_84_1_reg_6154                           |   32|   0|   32|          0|
    |out_vec_84_4_reg_32841                          |   32|   0|   32|          0|
    |out_vec_84_reg_476                              |   32|   0|   32|          0|
    |out_vec_85_1_reg_5845                           |   32|   0|   32|          0|
    |out_vec_85_4_reg_32829                          |   32|   0|   32|          0|
    |out_vec_85_reg_464                              |   32|   0|   32|          0|
    |out_vec_86_1_reg_5536                           |   32|   0|   32|          0|
    |out_vec_86_4_reg_32817                          |   32|   0|   32|          0|
    |out_vec_86_reg_452                              |   32|   0|   32|          0|
    |out_vec_87_1_reg_5227                           |   32|   0|   32|          0|
    |out_vec_87_4_reg_32805                          |   32|   0|   32|          0|
    |out_vec_87_reg_440                              |   32|   0|   32|          0|
    |out_vec_88_1_reg_4918                           |   32|   0|   32|          0|
    |out_vec_88_4_reg_32793                          |   32|   0|   32|          0|
    |out_vec_88_reg_428                              |   32|   0|   32|          0|
    |out_vec_89_1_reg_4609                           |   32|   0|   32|          0|
    |out_vec_89_4_reg_32781                          |   32|   0|   32|          0|
    |out_vec_89_reg_416                              |   32|   0|   32|          0|
    |out_vec_8_1_reg_29638                           |   32|   0|   32|          0|
    |out_vec_8_4_reg_33753                           |   32|   0|   32|          0|
    |out_vec_8_reg_1388                              |   32|   0|   32|          0|
    |out_vec_90_1_reg_4300                           |   32|   0|   32|          0|
    |out_vec_90_4_reg_32769                          |   32|   0|   32|          0|
    |out_vec_90_reg_404                              |   32|   0|   32|          0|
    |out_vec_91_1_reg_3991                           |   32|   0|   32|          0|
    |out_vec_91_4_reg_32757                          |   32|   0|   32|          0|
    |out_vec_91_reg_392                              |   32|   0|   32|          0|
    |out_vec_92_1_reg_3682                           |   32|   0|   32|          0|
    |out_vec_92_4_reg_32745                          |   32|   0|   32|          0|
    |out_vec_92_reg_380                              |   32|   0|   32|          0|
    |out_vec_93_1_reg_3373                           |   32|   0|   32|          0|
    |out_vec_93_4_reg_32733                          |   32|   0|   32|          0|
    |out_vec_93_reg_368                              |   32|   0|   32|          0|
    |out_vec_94_1_reg_3064                           |   32|   0|   32|          0|
    |out_vec_94_4_reg_32721                          |   32|   0|   32|          0|
    |out_vec_94_reg_356                              |   32|   0|   32|          0|
    |out_vec_95_1_reg_2755                           |   32|   0|   32|          0|
    |out_vec_95_4_reg_32709                          |   32|   0|   32|          0|
    |out_vec_95_reg_344                              |   32|   0|   32|          0|
    |out_vec_96_1_reg_2446                           |   32|   0|   32|          0|
    |out_vec_96_4_reg_32697                          |   32|   0|   32|          0|
    |out_vec_96_reg_332                              |   32|   0|   32|          0|
    |out_vec_97_1_reg_2137                           |   32|   0|   32|          0|
    |out_vec_97_4_reg_32685                          |   32|   0|   32|          0|
    |out_vec_97_reg_320                              |   32|   0|   32|          0|
    |out_vec_98_1_reg_1828                           |   32|   0|   32|          0|
    |out_vec_98_4_reg_32673                          |   32|   0|   32|          0|
    |out_vec_98_reg_308                              |   32|   0|   32|          0|
    |out_vec_99_1_reg_1519                           |   32|   0|   32|          0|
    |out_vec_99_4_reg_32661                          |   32|   0|   32|          0|
    |out_vec_99_reg_296                              |   32|   0|   32|          0|
    |out_vec_9_1_reg_29329                           |   32|   0|   32|          0|
    |out_vec_9_4_reg_33741                           |   32|   0|   32|          0|
    |out_vec_9_reg_1376                              |   32|   0|   32|          0|
    |phi_mul_reg_1507                                |   14|   0|   14|          0|
    |tmp_3_mid2_v_reg_65267                          |    7|   0|    7|          0|
    |tmp_9_reg_65299                                 |   32|   0|   32|          0|
    |exitcond_flatten_reg_65251                      |    0|   1|    1|          0|
    |j1_mid2_reg_65260                               |    0|   7|    7|          0|
    +------------------------------------------------+-----+----+-----+-----------+
    |Total                                           |12963|   8|12971|          0|
    +------------------------------------------------+-----+----+-----+-----------+



================================================================
== Interface
================================================================
* Summary: 
+----------------+-----+-----+------------+--------------+--------------+
|    RTL Ports   | Dir | Bits|  Protocol  | Source Object|    C Type    |
+----------------+-----+-----+------------+--------------+--------------+
|ap_clk          |  in |    1| ap_ctrl_hs |    matmult   | return value |
|ap_rst          |  in |    1| ap_ctrl_hs |    matmult   | return value |
|ap_start        |  in |    1| ap_ctrl_hs |    matmult   | return value |
|ap_done         | out |    1| ap_ctrl_hs |    matmult   | return value |
|ap_idle         | out |    1| ap_ctrl_hs |    matmult   | return value |
|ap_ready        | out |    1| ap_ctrl_hs |    matmult   | return value |
|a_address0      | out |   14|  ap_memory |       a      |     array    |
|a_ce0           | out |    1|  ap_memory |       a      |     array    |
|a_q0            |  in |   32|  ap_memory |       a      |     array    |
|b_address0      | out |   14|  ap_memory |       b      |     array    |
|b_ce0           | out |    1|  ap_memory |       b      |     array    |
|b_q0            |  in |   32|  ap_memory |       b      |     array    |
|out_r_address0  | out |   14|  ap_memory |     out_r    |     array    |
|out_r_ce0       | out |    1|  ap_memory |     out_r    |     array    |
|out_r_we0       | out |    1|  ap_memory |     out_r    |     array    |
|out_r_d0        | out |   32|  ap_memory |     out_r    |     array    |
+----------------+-----+-----+------------+--------------+--------------+

