==============================================================
File generated by Vivado(TM) HLS - High-Level Synthesis from C, C++ and SystemC
Version: 2016.2
Copyright (C) 1986-2016 Xilinx, Inc. All Rights Reserved.

==============================================================

@I [HLS-10] Setting target device to 'xc7z020clg484-1'
@I [SYN-201] Setting up clock 'default' with a period of 10ns.
@I [SIM-1] CSim done with 0 errors.
@I [HLS-10] Analyzing design file 'layer.cpp' ... 
@I [HLS-10] Analyzing design file 'mlp.cpp' ... 
@I [HLS-10] Validating synthesis directives ...
@I [HLS-10] Starting code transformations ...
@I [HLS-10] Checking synthesizability ...
@I [XFORM-602] Inlining function 'mlp_xcel' into 'dut' (mlp.cpp:61) automatically.
@I [XFORM-102] Automatically partitioning small array 'fc3_bias' completely based on array size.
@I [XFORM-101] Partitioning array 'fc3_bias' in dimension 1 completely.
@I [XFORM-602] Inlining function 'dense_mlp.2' into 'mlp_xcel' (mlp.cpp:130) automatically.
@I [XFORM-602] Inlining function 'dense_mlp.1' into 'mlp_xcel' (mlp.cpp:136) automatically.
@I [XFORM-602] Inlining function 'dense_mlp' into 'mlp_xcel' (mlp.cpp:142) automatically.
@I [XFORM-11] Balancing expressions in function 'conv1.1' (layer.cpp:208:44)...3 expression(s) balanced.
@I [XFORM-11] Balancing expressions in function 'conv1' (layer.cpp:201)...3 expression(s) balanced.
@I [HLS-111] Elapsed time: 13.15 seconds; current memory usage: 258 MB.
@I [HLS-10] Starting hardware synthesis ...
@I [HLS-10] Synthesizing 'dut' ...
@W [SYN-103] Legalizing function name 'dut_conv1.1' to 'dut_conv1_1'.
@I [HLS-10] ----------------------------------------------------------------
@I [HLS-10] -- Scheduling module 'dut_conv1_1' 
@I [HLS-10] ----------------------------------------------------------------
@I [SCHED-11] Starting scheduling ...
@I [SCHED-11] Finished scheduling.
@I [HLS-111] Elapsed time: 0.1 seconds; current memory usage: 259 MB.
@I [HLS-10] ----------------------------------------------------------------
@I [HLS-10] -- Exploring micro-architecture for module 'dut_conv1_1' 
@I [HLS-10] ----------------------------------------------------------------
@I [BIND-100] Starting micro-architecture generation ...
@I [BIND-101] Performing variable lifetime analysis.
@I [BIND-101] Exploring resource sharing.
@I [BIND-101] Binding ...
@I [BIND-100] Finished micro-architecture generation.
@I [HLS-111] Elapsed time: 0.06 seconds; current memory usage: 259 MB.
@I [HLS-10] ----------------------------------------------------------------
@I [HLS-10] -- Scheduling module 'dut_max_pool' 
@I [HLS-10] ----------------------------------------------------------------
@I [SCHED-11] Starting scheduling ...
@I [SCHED-11] Finished scheduling.
@I [HLS-111] Elapsed time: 0.13 seconds; current memory usage: 260 MB.
@I [HLS-10] ----------------------------------------------------------------
@I [HLS-10] -- Exploring micro-architecture for module 'dut_max_pool' 
@I [HLS-10] ----------------------------------------------------------------
@I [BIND-100] Starting micro-architecture generation ...
@I [BIND-101] Performing variable lifetime analysis.
@I [BIND-101] Exploring resource sharing.
@I [BIND-101] Binding ...
@I [BIND-100] Finished micro-architecture generation.
@I [HLS-111] Elapsed time: 0.05 seconds; current memory usage: 260 MB.
@I [HLS-10] ----------------------------------------------------------------
@I [HLS-10] -- Scheduling module 'dut_conv1' 
@I [HLS-10] ----------------------------------------------------------------
@I [SCHED-11] Starting scheduling ...
@I [SCHED-11] Finished scheduling.
@I [HLS-111] Elapsed time: 0.13 seconds; current memory usage: 261 MB.
@I [HLS-10] ----------------------------------------------------------------
@I [HLS-10] -- Exploring micro-architecture for module 'dut_conv1' 
@I [HLS-10] ----------------------------------------------------------------
@I [BIND-100] Starting micro-architecture generation ...
@I [BIND-101] Performing variable lifetime analysis.
@I [BIND-101] Exploring resource sharing.
@I [BIND-101] Binding ...
@I [BIND-100] Finished micro-architecture generation.
@I [HLS-111] Elapsed time: 0.05 seconds; current memory usage: 261 MB.
@I [HLS-10] ----------------------------------------------------------------
@I [HLS-10] -- Scheduling module 'dut_reshape' 
@I [HLS-10] ----------------------------------------------------------------
@I [SCHED-11] Starting scheduling ...
@I [SCHED-11] Finished scheduling.
@I [HLS-111] Elapsed time: 0.11 seconds; current memory usage: 261 MB.
@I [HLS-10] ----------------------------------------------------------------
@I [HLS-10] -- Exploring micro-architecture for module 'dut_reshape' 
@I [HLS-10] ----------------------------------------------------------------
@I [BIND-100] Starting micro-architecture generation ...
@I [BIND-101] Performing variable lifetime analysis.
@I [BIND-101] Exploring resource sharing.
@I [BIND-101] Binding ...
@I [BIND-100] Finished micro-architecture generation.
@I [HLS-111] Elapsed time: 0.03 seconds; current memory usage: 262 MB.
@I [HLS-10] ----------------------------------------------------------------
@I [HLS-10] -- Scheduling module 'dut_mlp_xcel' 
@I [HLS-10] ----------------------------------------------------------------
@I [SCHED-11] Starting scheduling ...
@I [SCHED-11] Finished scheduling.
@I [HLS-111] Elapsed time: 0.12 seconds; current memory usage: 262 MB.
@I [HLS-10] ----------------------------------------------------------------
@I [HLS-10] -- Exploring micro-architecture for module 'dut_mlp_xcel' 
@I [HLS-10] ----------------------------------------------------------------
@I [BIND-100] Starting micro-architecture generation ...
@I [BIND-101] Performing variable lifetime analysis.
@I [BIND-101] Exploring resource sharing.
@I [BIND-101] Binding ...
@I [BIND-100] Finished micro-architecture generation.
@I [HLS-111] Elapsed time: 0.16 seconds; current memory usage: 263 MB.
@I [HLS-10] ----------------------------------------------------------------
@I [HLS-10] -- Scheduling module 'dut' 
@I [HLS-10] ----------------------------------------------------------------
@I [SCHED-11] Starting scheduling ...
@I [SCHED-11] Finished scheduling.
@I [HLS-111] Elapsed time: 0.21 seconds; current memory usage: 263 MB.
@I [HLS-10] ----------------------------------------------------------------
@I [HLS-10] -- Exploring micro-architecture for module 'dut' 
@I [HLS-10] ----------------------------------------------------------------
@I [BIND-100] Starting micro-architecture generation ...
@I [BIND-101] Performing variable lifetime analysis.
@I [BIND-101] Exploring resource sharing.
@I [BIND-101] Binding ...
@I [BIND-100] Finished micro-architecture generation.
@I [HLS-111] Elapsed time: 0.07 seconds; current memory usage: 264 MB.
@I [HLS-10] ----------------------------------------------------------------
@I [HLS-10] -- Generating RTL for module 'dut_conv1_1' 
@I [HLS-10] ----------------------------------------------------------------
@I [RTGEN-100] Generating core module 'dut_fadd_32ns_32ns_32_5_full_dsp': 1 instance(s).
@I [RTGEN-100] Generating core module 'dut_fmul_32ns_32ns_32_4_max_dsp': 1 instance(s).
@I [RTGEN-100] Finished creating RTL model for 'dut_conv1_1'.
@I [HLS-111] Elapsed time: 0.17 seconds; current memory usage: 264 MB.
@I [HLS-10] ----------------------------------------------------------------
@I [HLS-10] -- Generating RTL for module 'dut_max_pool' 
@I [HLS-10] ----------------------------------------------------------------
@I [RTGEN-100] Generating core module 'dut_fcmp_32ns_32ns_1_1': 1 instance(s).
@I [RTGEN-100] Finished creating RTL model for 'dut_max_pool'.
@I [HLS-111] Elapsed time: 0.19 seconds; current memory usage: 266 MB.
@I [HLS-10] ----------------------------------------------------------------
@I [HLS-10] -- Generating RTL for module 'dut_conv1' 
@I [HLS-10] ----------------------------------------------------------------
@I [RTGEN-100] Generating core module 'dut_fadd_32ns_32ns_32_5_full_dsp': 1 instance(s).
@I [RTGEN-100] Generating core module 'dut_fmul_32ns_32ns_32_4_max_dsp': 1 instance(s).
@I [RTGEN-100] Finished creating RTL model for 'dut_conv1'.
@I [HLS-111] Elapsed time: 0.18 seconds; current memory usage: 269 MB.
@I [HLS-10] ----------------------------------------------------------------
@I [HLS-10] -- Generating RTL for module 'dut_reshape' 
@I [HLS-10] ----------------------------------------------------------------
@I [RTGEN-100] Finished creating RTL model for 'dut_reshape'.
@I [HLS-111] Elapsed time: 0.21 seconds; current memory usage: 271 MB.
@I [HLS-10] ----------------------------------------------------------------
@I [HLS-10] -- Generating RTL for module 'dut_mlp_xcel' 
@I [HLS-10] ----------------------------------------------------------------
@I [RTGEN-100] Generating core module 'dut_fadd_32ns_32ns_32_5_full_dsp': 1 instance(s).
@I [RTGEN-100] Generating core module 'dut_fcmp_32ns_32ns_1_1': 1 instance(s).
@I [RTGEN-100] Generating core module 'dut_fmul_32ns_32ns_32_4_max_dsp': 1 instance(s).
@I [RTGEN-100] Finished creating RTL model for 'dut_mlp_xcel'.
@I [HLS-111] Elapsed time: 0.27 seconds; current memory usage: 282 MB.
@I [HLS-10] ----------------------------------------------------------------
@I [HLS-10] -- Generating RTL for module 'dut' 
@I [HLS-10] ----------------------------------------------------------------
@I [RTGEN-500] Setting interface mode on port 'dut/strm_in_V' to 'ap_fifo'.
@I [RTGEN-500] Setting interface mode on port 'dut/strm_out_V' to 'ap_fifo'.
@I [RTGEN-500] Setting interface mode on function 'dut' to 'ap_ctrl_hs'.
@I [RTGEN-100] Finished creating RTL model for 'dut'.
@I [HLS-111] Elapsed time: 0.35 seconds; current memory usage: 285 MB.
@I [RTMG-279] Implementing memory 'dut_conv1_1_conv1_weight_rom' using auto ROMs.
@I [RTMG-279] Implementing memory 'dut_conv1_conv2_weight_rom' using auto ROMs.
@I [RTMG-279] Implementing memory 'dut_mlp_xcel_fc1_weight_rom' using auto ROMs.
@I [RTMG-279] Implementing memory 'dut_mlp_xcel_fc1_bias_rom' using auto ROMs.
@I [RTMG-279] Implementing memory 'dut_mlp_xcel_fc2_weight_rom' using auto ROMs.
@I [RTMG-279] Implementing memory 'dut_mlp_xcel_fc2_bias_rom' using auto ROMs.
@I [RTMG-279] Implementing memory 'dut_mlp_xcel_fc3_weight_rom' using auto ROMs.
@I [RTMG-278] Implementing memory 'dut_mlp_xcel_mem_conv1_ram' using block RAMs.
@I [RTMG-278] Implementing memory 'dut_mlp_xcel_mem_conv2_ram' using block RAMs.
@I [RTMG-278] Implementing memory 'dut_input_ram' using block RAMs.
@I [HLS-10] Finished generating all RTL models.
@I [SYSC-301] Generating SystemC RTL for dut.
@I [VHDL-304] Generating VHDL RTL for dut.
@I [VLOG-307] Generating Verilog RTL for dut.
@I [HLS-112] Total elapsed time: 66.284 seconds; peak memory usage: 285 MB.
