@I [HLS-0] Workspace /home/nrb74/ece5775/ECE5775_Final_Proj/matmult/1-mat_mult.prj/solution1 opened at Tue Nov 29 15:20:00 EST 2022
@I [HLS-100] Command 'open_solution' returned 0; elapsed 0.02Total elapsed time: 1.203 sec.
@I [HLS-100] Command "set_part xc7z020clg484-1 "
@I [HLS-100] Command "add_library xilinx/zynq/zynq:xc7z020:clg484:-1 "
@I [HLS-100] Command "get_default_platform "
@I [HLS-100] Command 'get_default_platform' returned 0; elapsed 0Total elapsed time: 1.219 sec.
@I [HLS-100] Command "license_isbetapart xc7z020 "
@I [HLS-100] Command 'license_isbetapart' returned 1; elapsed 0.01Total elapsed time: 1.232 sec.
@I [HLS-100] Command "open_platform DefaultPlatform "
@I [HLS-100] Command 'open_platform' returned 0; elapsed 0Total elapsed time: 1.234 sec.
@I [HLS-100] Command "import_lib /opt/xilinx/xilinx_2016.2/Vivado_HLS/2016.2/common/technology/xilinx/zynq/zynq "
@I [HLS-100] Command "source /opt/xilinx/xilinx_2016.2/Vivado_HLS/2016.2/common/technology/xilinx/common/xilinx.lib "
@I [HLS-100] Command "source /opt/xilinx/xilinx_2016.2/Vivado_HLS/2016.2/common/technology/xilinx/interface/xilinx_interface.lib "
@I [HLS-100] Command "source /opt/xilinx/xilinx_2016.2/Vivado_HLS/2016.2/common/technology/xilinx/interface/plb46.lib "
@I [HLS-100] Command 'ap_source' returned 0; elapsed 0Total elapsed time: 1.243 sec.
@I [HLS-100] Command "source /opt/xilinx/xilinx_2016.2/Vivado_HLS/2016.2/common/technology/xilinx/interface/fsl.lib "
@I [HLS-100] Command 'ap_source' returned 0; elapsed 0Total elapsed time: 1.245 sec.
@I [HLS-100] Command "source /opt/xilinx/xilinx_2016.2/Vivado_HLS/2016.2/common/technology/xilinx/interface/axi4.lib "
@I [HLS-100] Command 'ap_source' returned 0; elapsed 0Total elapsed time: 1.248 sec.
@I [HLS-100] Command "source /opt/xilinx/xilinx_2016.2/Vivado_HLS/2016.2/common/technology/xilinx/interface/maxi.lib "
@I [HLS-100] Command 'ap_source' returned 0; elapsed 0Total elapsed time: 1.250 sec.
@I [HLS-100] Command "source /opt/xilinx/xilinx_2016.2/Vivado_HLS/2016.2/common/technology/xilinx/interface/saxilite.lib "
@I [HLS-100] Command 'ap_source' returned 0; elapsed 0Total elapsed time: 1.252 sec.
@I [HLS-100] Command 'ap_source' returned 0; elapsed 0Total elapsed time: 1.252 sec.
@I [HLS-100] Command "source /opt/xilinx/xilinx_2016.2/Vivado_HLS/2016.2/common/technology/xilinx/common/dsp48.lib "
@I [HLS-100] Command 'ap_source' returned 0; elapsed 0Total elapsed time: 1.254 sec.
@I [HLS-100] Command "source /opt/xilinx/xilinx_2016.2/Vivado_HLS/2016.2/common/technology/xilinx/ip/dds_compiler.lib "
@I [HLS-100] Command 'ap_source' returned 0; elapsed 0Total elapsed time: 1.259 sec.
@I [HLS-100] Command "source /opt/xilinx/xilinx_2016.2/Vivado_HLS/2016.2/common/technology/xilinx/ip/xfft.lib "
@I [HLS-100] Command 'ap_source' returned 0; elapsed 0Total elapsed time: 1.262 sec.
@I [HLS-100] Command "source /opt/xilinx/xilinx_2016.2/Vivado_HLS/2016.2/common/technology/xilinx/ip/xfir.lib "
@I [HLS-100] Command 'ap_source' returned 0; elapsed 0Total elapsed time: 1.264 sec.
@I [HLS-100] Command 'ap_source' returned 0; elapsed 0.01Total elapsed time: 1.271 sec.
@I [HLS-100] Command "source /opt/xilinx/xilinx_2016.2/Vivado_HLS/2016.2/common/technology/xilinx/common/xilinx_old.lib "
@I [HLS-100] Command 'ap_source' returned 0; elapsed 0Total elapsed time: 1.279 sec.
@I [HLS-100] Command "source /opt/xilinx/xilinx_2016.2/Vivado_HLS/2016.2/common/technology/xilinx/common/xilinx_vivado.lib "
@I [HLS-100] Command 'ap_source' returned 0; elapsed 0Total elapsed time: 1.282 sec.
@I [HLS-100] Command "source /opt/xilinx/xilinx_2016.2/Vivado_HLS/2016.2/common/technology/xilinx/common/xilinx.hlp "
@I [HLS-100] Command "source /opt/xilinx/xilinx_2016.2/Vivado_HLS/2016.2/common/technology/xilinx/common/target_info.tcl "
@I [HLS-100] Command 'ap_source' returned 0; elapsed 0Total elapsed time: 1.290 sec.
@I [HLS-100] Command "source /opt/xilinx/xilinx_2016.2/Vivado_HLS/2016.2/common/technology/xilinx/interface/xilinx_interface.hlp "
@I [HLS-100] Command "source /opt/xilinx/xilinx_2016.2/Vivado_HLS/2016.2/common/technology/xilinx/interface/maxi.hlp "
@I [HLS-100] Command 'ap_source' returned 0; elapsed 0Total elapsed time: 1.294 sec.
@I [HLS-100] Command "source /opt/xilinx/xilinx_2016.2/Vivado_HLS/2016.2/common/technology/xilinx/interface/saxilite.hlp "
@I [HLS-100] Command 'ap_source' returned 0; elapsed 0Total elapsed time: 1.295 sec.
@I [HLS-100] Command 'ap_source' returned 0; elapsed 0Total elapsed time: 1.296 sec.
@I [HLS-100] Command "source /opt/xilinx/xilinx_2016.2/Vivado_HLS/2016.2/common/technology/xilinx/common/dsp48.hlp "
@I [HLS-100] Command 'ap_source' returned 0; elapsed 0.01Total elapsed time: 1.298 sec.
@I [HLS-100] Command 'ap_source' returned 0; elapsed 0.01Total elapsed time: 1.298 sec.
@I [HLS-100] Command "source /opt/xilinx/xilinx_2016.2/Vivado_HLS/2016.2/common/technology/xilinx/zynq/dsp48e1.hlp "
@I [HLS-100] Command 'ap_source' returned 0; elapsed 0Total elapsed time: 1.300 sec.
@I [HLS-100] Command "get_default_platform "
@I [HLS-100] Command 'get_default_platform' returned 0; elapsed 0Total elapsed time: 1.300 sec.
@I [HLS-100] Command "config_chip_info -quiet -resource  {SLICE 13300}  {LUT 53200}     {FF 106400} {DSP48E 220}   {BRAM 280}  "
@I [HLS-100] Command 'config_chip_info' returned 0; elapsed 0Total elapsed time: 1.301 sec.
@I [HLS-100] Command "config_chip_info -quiet -speed medium "
@I [HLS-100] Command 'config_chip_info' returned 0; elapsed 0Total elapsed time: 1.301 sec.
@I [HLS-100] Command 'import_lib' returned 0; elapsed 0.03Total elapsed time: 1.302 sec.
@I [HLS-100] Command "source /opt/xilinx/xilinx_2016.2/Vivado_HLS/2016.2/common/technology/xilinx/zynq/zynq.gen "
@I [HLS-100] Command "source /opt/xilinx/xilinx_2016.2/Vivado_HLS/2016.2/common/technology/xilinx/common/virtex.gen "
@I [HLS-100] Command "source /opt/xilinx/xilinx_2016.2/Vivado_HLS/2016.2/common/technology/xilinx/common/xilinx.gen "
@I [HLS-100] Command "source /opt/xilinx/xilinx_2016.2/Vivado_HLS/2016.2/common/technology/xilinx/interface/plb46.gen "
@I [HLS-100] Command 'ap_source' returned 0; elapsed 0Total elapsed time: 1.310 sec.
@I [HLS-100] Command "source /opt/xilinx/xilinx_2016.2/Vivado_HLS/2016.2/common/technology/xilinx/interface/fsl.gen "
@I [HLS-100] Command 'ap_source' returned 0; elapsed 0Total elapsed time: 1.313 sec.
@I [HLS-100] Command "source /opt/xilinx/xilinx_2016.2/Vivado_HLS/2016.2/common/technology/xilinx/interface/axi4.gen "
@I [HLS-100] Command 'ap_source' returned 0; elapsed 0Total elapsed time: 1.316 sec.
@I [HLS-100] Command "source /opt/xilinx/xilinx_2016.2/Vivado_HLS/2016.2/common/technology/xilinx/interface/nativeAXI4.gen "
@I [HLS-100] Command "source /opt/xilinx/xilinx_2016.2/Vivado_HLS/2016.2/common/technology/xilinx/interface/saxilite.gen "
@I [HLS-100] Command 'ap_source' returned 0; elapsed 0.01Total elapsed time: 1.323 sec.
@I [HLS-100] Command "source /opt/xilinx/xilinx_2016.2/Vivado_HLS/2016.2/common/technology/xilinx/interface/maxi.gen "
@I [HLS-100] Command 'ap_source' returned 0; elapsed 0Total elapsed time: 1.331 sec.
@I [HLS-100] Command 'ap_source' returned 0; elapsed 0.01Total elapsed time: 1.331 sec.
@I [HLS-100] Command "source /opt/xilinx/xilinx_2016.2/Vivado_HLS/2016.2/common/technology/xilinx/scripts/xilinxcoregen.gen "
@I [HLS-100] Command 'ap_source' returned 0; elapsed 0.01Total elapsed time: 1.343 sec.
@I [HLS-100] Command "source /opt/xilinx/xilinx_2016.2/Vivado_HLS/2016.2/common/technology/xilinx/interface/XilEDKCoreGen.gen "
@I [HLS-100] Command 'ap_source' returned 0; elapsed 0.02Total elapsed time: 1.352 sec.
@I [HLS-100] Command "source /opt/xilinx/xilinx_2016.2/Vivado_HLS/2016.2/common/technology/xilinx/ip/dds_compiler.gen "
@I [HLS-100] Command 'ap_source' returned 0; elapsed 0Total elapsed time: 1.357 sec.
@I [HLS-100] Command "source /opt/xilinx/xilinx_2016.2/Vivado_HLS/2016.2/common/technology/xilinx/ip/util.gen "
@I [HLS-100] Command 'ap_source' returned 0; elapsed 0Total elapsed time: 1.359 sec.
@I [HLS-100] Command "source /opt/xilinx/xilinx_2016.2/Vivado_HLS/2016.2/common/technology/xilinx/ip/xfft.gen "
@I [HLS-100] Command 'ap_source' returned 0; elapsed 0.09Total elapsed time: 1.453 sec.
@I [HLS-100] Command "source /opt/xilinx/xilinx_2016.2/Vivado_HLS/2016.2/common/technology/xilinx/ip/xfir.gen "
@I [HLS-100] Command 'ap_source' returned 0; elapsed 0Total elapsed time: 1.457 sec.
@I [HLS-100] Command 'ap_source' returned 0; elapsed 0.14Total elapsed time: 1.458 sec.
@I [HLS-100] Command "source /opt/xilinx/xilinx_2016.2/Vivado_HLS/2016.2/common/technology/xilinx/common/dsp48.gen "
@I [HLS-100] Command 'ap_source' returned 0; elapsed 0Total elapsed time: 1.464 sec.
@I [HLS-100] Command 'ap_source' returned 0; elapsed 0.14Total elapsed time: 1.465 sec.
@I [HLS-100] Command 'ap_source' returned 0; elapsed 0.14Total elapsed time: 1.465 sec.
@I [HLS-100] Command "get_default_platform "
@I [HLS-100] Command 'get_default_platform' returned 0; elapsed 0Total elapsed time: 1.471 sec.
@I [HLS-100] Command "config_chip_info -quiet -resource  {SLICE 13300}  {LUT 53200}     {FF 106400} {DSP48E 220}   {BRAM 280}  "
@I [HLS-100] Command 'config_chip_info' returned 0; elapsed 0Total elapsed time: 1.471 sec.
@I [HLS-100] Command "config_chip_info -quiet -speed slow "
@I [HLS-100] Command 'config_chip_info' returned 0; elapsed 0Total elapsed time: 1.471 sec.
@I [HLS-100] Command 'add_library' returned 0; elapsed 0.19Total elapsed time: 1.475 sec.
@I [HLS-100] Command "add_library xilinx/zynq/zynq_fpv6 "
@I [HLS-100] Command "get_default_platform "
@I [HLS-100] Command 'get_default_platform' returned 0; elapsed 0Total elapsed time: 1.477 sec.
@I [HLS-100] Command "open_platform DefaultPlatform "
@I [HLS-100] Command 'open_platform' returned 0; elapsed 0Total elapsed time: 1.478 sec.
@I [HLS-100] Command "import_lib /opt/xilinx/xilinx_2016.2/Vivado_HLS/2016.2/common/technology/xilinx/zynq/zynq_fpv6 "
@I [HLS-100] Command "source /opt/xilinx/xilinx_2016.2/Vivado_HLS/2016.2/common/technology/xilinx/common/xilinx_fpv7.lib "
@I [HLS-100] Command "source /opt/xilinx/xilinx_2016.2/Vivado_HLS/2016.2/common/technology/xilinx/common/xilinx_hp.lib "
@I [HLS-100] Command 'ap_source' returned 0; elapsed 0Total elapsed time: 1.484 sec.
@I [HLS-100] Command 'ap_source' returned 0; elapsed 0Total elapsed time: 1.487 sec.
@I [HLS-100] Command "source /opt/xilinx/xilinx_2016.2/Vivado_HLS/2016.2/common/technology/xilinx/common/xilinx_fpv.hlp "
@I [HLS-100] Command "source /opt/xilinx/xilinx_2016.2/Vivado_HLS/2016.2/common/technology/xilinx/common/xilinx.hlp "
@I [HLS-100] Command "source /opt/xilinx/xilinx_2016.2/Vivado_HLS/2016.2/common/technology/xilinx/common/target_info.tcl "
@I [HLS-100] Command 'ap_source' returned 0; elapsed 0Total elapsed time: 1.497 sec.
@I [HLS-100] Command "source /opt/xilinx/xilinx_2016.2/Vivado_HLS/2016.2/common/technology/xilinx/interface/xilinx_interface.hlp "
@I [HLS-100] Command "source /opt/xilinx/xilinx_2016.2/Vivado_HLS/2016.2/common/technology/xilinx/interface/maxi.hlp "
@I [HLS-100] Command 'ap_source' returned 0; elapsed 0Total elapsed time: 1.498 sec.
@I [HLS-100] Command "source /opt/xilinx/xilinx_2016.2/Vivado_HLS/2016.2/common/technology/xilinx/interface/saxilite.hlp "
@I [HLS-100] Command 'ap_source' returned 0; elapsed 0Total elapsed time: 1.498 sec.
@I [HLS-100] Command 'ap_source' returned 0; elapsed 0Total elapsed time: 1.498 sec.
@I [HLS-100] Command "source /opt/xilinx/xilinx_2016.2/Vivado_HLS/2016.2/common/technology/xilinx/common/dsp48.hlp "
@I [HLS-100] Command 'ap_source' returned 0; elapsed 0Total elapsed time: 1.499 sec.
@I [HLS-100] Command 'ap_source' returned 0; elapsed 0Total elapsed time: 1.499 sec.
@I [HLS-100] Command 'ap_source' returned 0; elapsed 0Total elapsed time: 1.500 sec.
@I [HLS-100] Command "source /opt/xilinx/xilinx_2016.2/Vivado_HLS/2016.2/common/technology/xilinx/zynq/zynq_hp.hlp "
@I [HLS-100] Command 'ap_source' returned 0; elapsed 0Total elapsed time: 1.503 sec.
@I [HLS-100] Command 'import_lib' returned 0; elapsed 0.03Total elapsed time: 1.514 sec.
@I [HLS-100] Command "source /opt/xilinx/xilinx_2016.2/Vivado_HLS/2016.2/common/technology/xilinx/zynq/zynq_fpv6.gen "
@I [HLS-100] Command "source /opt/xilinx/xilinx_2016.2/Vivado_HLS/2016.2/common/technology/xilinx/common/xilinx_fpv6.gen "
@I [HLS-100] Command 'ap_source' returned 0; elapsed 0Total elapsed time: 1.519 sec.
@I [HLS-100] Command 'ap_source' returned 0; elapsed 0Total elapsed time: 1.519 sec.
@I [HLS-100] Command 'add_library' returned 0; elapsed 0.03Total elapsed time: 1.525 sec.
@I [HLS-10] Setting target device to 'xc7z020clg484-1'
@I [HLS-100] Command 'set_part' returned 0; elapsed 0.23Total elapsed time: 1.525 sec.
@I [HLS-100] Command "create_clock -period 10 "
@I [HLS-100] Command "config_clock -quiet -name default -period 10 -default=false "
@I [SYN-201] Setting up clock 'default' with a period of 10ns.
@I [HLS-100] Command 'config_clock' returned 0; elapsed 0Total elapsed time: 1.532 sec.
@I [HLS-100] Command 'create_clock' returned 0; elapsed 0Total elapsed time: 1.532 sec.
@I [HLS-100] Command "set_directive_pipeline matmult/LOOP_MAT_MULT_3 "
@I [HLS-0] Setting directive 'PIPELINE' 
@I [HLS-100] Command 'set_directive_pipeline' returned 0; elapsed 0Total elapsed time: 1.534 sec.
@I [HLS-100] Command "set_directive_array_partition -type complete matmult out_vec "
@I [HLS-0] Setting directive 'PIPELINE' 
@I [HLS-0] Setting directive 'ARRAY_PARTITION' partition=positionBooleanCmd variable=positionBooleanTextRequiredout_vec complete=positionBoolean0type dim=1 
@I [HLS-100] Command 'set_directive_array_partition' returned 0; elapsed 0Total elapsed time: 1.540 sec.
@I [HLS-100] Command "csim_design "
@I [HLS-100] Command "is_encrypted /home/nrb74/ece5775/ECE5775_Final_Proj/matmult/matmult_test.cpp "
@I [HLS-100] Command 'is_encrypted' returned 0; elapsed 0Total elapsed time: 1.640 sec.
@I [HLS-100] Command "is_xip /home/nrb74/ece5775/ECE5775_Final_Proj/matmult/matmult_test.cpp "
@I [HLS-100] Command 'is_xip' returned 0; elapsed 0Total elapsed time: 1.640 sec.
@I [HLS-100] Command "is_encrypted /home/nrb74/ece5775/ECE5775_Final_Proj/matmult/matmult.cpp "
@I [HLS-100] Command 'is_encrypted' returned 0; elapsed 0Total elapsed time: 1.642 sec.
@I [HLS-100] Command "is_xip /home/nrb74/ece5775/ECE5775_Final_Proj/matmult/matmult.cpp "
@I [HLS-100] Command 'is_xip' returned 0; elapsed 0Total elapsed time: 1.642 sec.
@I [HLS-100] Command "source run_sim.tcl "
@I [HLS-100] Command 'ap_source' returned 0; elapsed 0.01Total elapsed time: 3.586 sec.
@I [SIM-1] CSim done with 0 errors.
@I [HLS-100] Command 'csim_design' returned 0; elapsed 0.07Total elapsed time: 3.593 sec.
@I [HLS-100] Command "csynth_design "
@I [HLS-100] Command "elaborate -effort=medium -skip_syncheck=0 -keep_printf=0 -lm=0 -skip_cdt=0 -skip_transform=0 -ng=0 -g=0 -opt_fp=0 "
@I [HLS-10] Analyzing design file 'matmult.cpp' ... 
@0 [HLS-0] Analyzing design file 'matmult.cpp' ... 
@I [HLS-0] Compiling one TU...
@I [HLS-0] 
Checking before pre-process: exec clang -fno-limit-debug-info -gcc-toolchain "/opt/xilinx/xilinx_2016.2/Vivado_HLS/2016.2/lnx64/tools/gcc" -hls  -DK_CONST=1  -fno-math-errno -c -emit-llvm -O0  -mllvm -disable-llvm-optzns -fno-threadsafe-statics  -fno-use-cxa-atexit  -fno-threadsafe-statics -fno-use-cxa-atexit   -I "/opt/xilinx/xilinx_2016.2/Vivado_HLS/2016.2/lnx64/tools/systemc/include" -I "/opt/xilinx/xilinx_2016.2/Vivado_HLS/2016.2/include" -I "/opt/xilinx/xilinx_2016.2/Vivado_HLS/2016.2/include/ap_sysc" -fexceptions -I "/opt/xilinx/xilinx_2016.2/Vivado_HLS/2016.2/common/technology/autopilot" -include etc/autopilot_ssdm_op.h "matmult.cpp"  -o "/home/nrb74/ece5775/ECE5775_Final_Proj/matmult/1-mat_mult.prj/solution1/.autopilot/db/matmult.pp.00.o"

@I [HLS-100] Command "is_encrypted /home/nrb74/ece5775/ECE5775_Final_Proj/matmult/1-mat_mult.prj/solution1/.autopilot/db/matmult.pp.00.o "
@I [HLS-100] Command 'is_encrypted' returned 0; elapsed 0Total elapsed time: 4.322 sec.
@I [HLS-0] Syntax Checker time: 0 seconds per iteration
@I [HLS-0] 
Source preprocessing: exec clang -fno-limit-debug-info -gcc-toolchain "/opt/xilinx/xilinx_2016.2/Vivado_HLS/2016.2/lnx64/tools/gcc" -hls -fno-exceptions  -D__llvm__  -CC -E "matmult.cpp"   -DK_CONST=1  -fno-math-errno -c -emit-llvm -O0  -mllvm -disable-llvm-optzns -fno-threadsafe-statics  -fno-use-cxa-atexit  -fno-threadsafe-statics -fno-use-cxa-atexit -DAESL_SYN -D__SYNTHESIS__ -D__HLS_SYN__ -I "/opt/xilinx/xilinx_2016.2/Vivado_HLS/2016.2/common/technology/autopilot" -I "/opt/xilinx/xilinx_2016.2/Vivado_HLS/2016.2/common/technology/autopilot/ap_sysc" -include etc/autopilot_ssdm_op.h  -o "/home/nrb74/ece5775/ECE5775_Final_Proj/matmult/1-mat_mult.prj/solution1/.autopilot/db/matmult.pp.0.cpp"

@I [HLS-0] GCC PP time: 0 seconds per iteration
@I [HLS-0] Setting directive 'PIPELINE' 
@I [HLS-0] Setting directive 'ARRAY_PARTITION' partition=positionBooleanCmd variable=positionBooleanTextRequiredout_vec complete=positionBoolean0type dim=1 
@I [HLS-100] Command "list_core -type functional_unit "
@I [HLS-100] Command 'list_core' returned 0; elapsed 0Total elapsed time: 4.518 sec.
@I [HLS-0] Marker-Pragma convertor: /home/nrb74/ece5775/ECE5775_Final_Proj/matmult/1-mat_mult.prj/solution1/.autopilot/db/matmult.pp.0.cpp /home/nrb74/ece5775/ECE5775_Final_Proj/matmult/1-mat_mult.prj/solution1/.autopilot/db/matmult.pp.0.cpp.ap-line.cpp /home/nrb74/ece5775/ECE5775_Final_Proj/matmult/1-mat_mult.prj/solution1/.autopilot/db/matmult.pp.0.cpp.ap-line.cpp.CXX 1
@I [HLS-0] 
Source processor: exec /opt/xilinx/xilinx_2016.2/Vivado_HLS/2016.2/tps/lnx64/jre/bin/java -Xmx512m -classpath   "/opt/xilinx/xilinx_2016.2/Vivado_HLS/2016.2/lib/classes/autopilot.sourceprocessor.jar:/opt/xilinx/xilinx_2016.2/Vivado_HLS/2016.2/lib/classes/org.eclipse.cdt.core_5.3.0.xilinx_patch.jar:/opt/xilinx/xilinx_2016.2/Vivado_HLS/2016.2/lib/classes/org.eclipse.core.runtime_3.7.0.v20110110.jar:/opt/xilinx/xilinx_2016.2/Vivado_HLS/2016.2/lib/classes/org.eclipse.equinox.common_3.6.0.v20110523.jar:/opt/xilinx/xilinx_2016.2/Vivado_HLS/2016.2/lib/classes/com.ibm.icu_4.4.2.v20110208.jar:/opt/xilinx/xilinx_2016.2/Vivado_HLS/2016.2/lib/classes/jargs.jar:/opt/xilinx/xilinx_2016.2/Vivado_HLS/2016.2/lnx64/tools/eclipse/plugins/org.eclipse.emf.common_2.10.1.v20150123-0348.jar:/opt/xilinx/xilinx_2016.2/Vivado_HLS/2016.2/lnx64/tools/eclipse/plugins/org.eclipse.emf.ecore_2.10.2.v20150123-0348.jar:/opt/xilinx/xilinx_2016.2/Vivado_HLS/2016.2/lnx64/tools/eclipse/plugins/org.eclipse.emf.ecore.xmi_2.10.2.v20150123-0348.jar:/opt/xilinx/xilinx_2016.2/Vivado_HLS/2016.2/lnx64/tools/eclipse/plugins/com.autoesl.autopilot.ui.directiveFileModel_1.0.0.jar:/opt/xilinx/xilinx_2016.2/Vivado_HLS/2016.2/lnx64/tools/eclipse/plugins/com.autoesl.autopilot.ui.common_1.0.0.jar"  autopilot.sourceprocessor.CParser  "/home/nrb74/ece5775/ECE5775_Final_Proj/matmult/1-mat_mult.prj/solution1/.autopilot/db/matmult.pp.0.cpp.ap-line.cpp"  -m "matmult" -o "/home/nrb74/ece5775/ECE5775_Final_Proj/matmult/1-mat_mult.prj/solution1/.autopilot/db/matmult.pp.0.cpp.ap-cdt.cpp" --pp --directive /home/nrb74/ece5775/ECE5775_Final_Proj/matmult/1-mat_mult.prj/solution1/solution1.directive --source /home/nrb74/ece5775/ECE5775_Final_Proj/matmult/matmult.cpp --error /home/nrb74/ece5775/ECE5775_Final_Proj/matmult/1-mat_mult.prj/solution1/.autopilot/db --funcunit "AddSub AddSub_DSP AddSubnS DAddSub_fulldsp DAddSub_nodsp DDiv DExp_fulldsp DExp_meddsp DExp_nodsp DLog_fulldsp DLog_meddsp DLog_nodsp DMul_fulldsp DMul_maxdsp DMul_meddsp DMul_nodsp DRSqrt DRecip DSqrt DivnS FAddSub_fulldsp FAddSub_nodsp FDiv FExp_fulldsp FExp_meddsp FExp_nodsp FLog_fulldsp FLog_meddsp FLog_nodsp FMul_fulldsp FMul_maxdsp FMul_meddsp FMul_nodsp FRSqrt_fulldsp FRSqrt_nodsp FRecip_fulldsp FRecip_nodsp FSqrt HAddSub_nodsp HDiv HMul_fulldsp HMul_maxdsp HMul_nodsp HSqrt Mul Mul2S Mul3S Mul4S Mul5S Mul6S Mul_LUT MulnS MuxnS" --ve --vetcl /home/nrb74/ece5775/ECE5775_Final_Proj/matmult/1-mat_mult.prj/solution1/.autopilot/db --ca --es --gf --pd --p2d /home/nrb74/ece5775/ECE5775_Final_Proj/matmult/1-mat_mult.prj/solution1/.autopilot/db --sd --scff /home/nrb74/ece5775/ECE5775_Final_Proj/matmult/1-mat_mult.prj/solution1/.autopilot/db/.systemc_flag --ad

@I [HLS-0] Error:Syntax error in source:for (__decltype(__n + 0) __niter = __n;
Error:Missing ; in source:t
Error:Syntax error in source:)
 *__first = __value;
Error:Syntax error in source:for (__decltype(__n + 0) __niter = __n;
Error:Missing ; in source:t
Error:Syntax error in source:)
 *__first = __tmp;
@I [HLS-0] Marker-Pragma convertor: /home/nrb74/ece5775/ECE5775_Final_Proj/matmult/1-mat_mult.prj/solution1/.autopilot/db/matmult.pp.0.cpp.ap-cdt.cpp /home/nrb74/ece5775/ECE5775_Final_Proj/matmult/1-mat_mult.prj/solution1/.autopilot/db/matmult.pragma.0.cpp /home/nrb74/ece5775/ECE5775_Final_Proj/matmult/1-mat_mult.prj/solution1/.autopilot/db/matmult.pragma.0.cpp.ap-line.CXX 0
@I [HLS-100] Command "source /home/nrb74/ece5775/ECE5775_Final_Proj/matmult/1-mat_mult.prj/solution1/.autopilot/db/pragma.status.tcl "
@I [HLS-100] Command 'ap_source' returned 0; elapsed 0Total elapsed time: 12.134 sec.
@I [HLS-0] CDT processor time: 7 seconds per iteration
@I [HLS-0] Pragma handling time: 0 seconds per iteration
@I [HLS-0] 
Source preprocessing: exec clang -fno-limit-debug-info -gcc-toolchain "/opt/xilinx/xilinx_2016.2/Vivado_HLS/2016.2/lnx64/tools/gcc" -hls -fno-exceptions  -D__llvm__  -CC -E "/home/nrb74/ece5775/ECE5775_Final_Proj/matmult/1-mat_mult.prj/solution1/.autopilot/db/matmult.pragma.1.cpp"   -DK_CONST=1  -fno-math-errno -c -emit-llvm -O0  -mllvm -disable-llvm-optzns -fno-threadsafe-statics  -fno-use-cxa-atexit  -fno-threadsafe-statics -fno-use-cxa-atexit -DAESL_SYN -D__SYNTHESIS__ -D__HLS_SYN__ -I "/opt/xilinx/xilinx_2016.2/Vivado_HLS/2016.2/common/technology/autopilot" -I "/opt/xilinx/xilinx_2016.2/Vivado_HLS/2016.2/common/technology/autopilot/ap_sysc" -include etc/autopilot_ssdm_op.h  -o "/home/nrb74/ece5775/ECE5775_Final_Proj/matmult/1-mat_mult.prj/solution1/.autopilot/db/matmult.pragma.2.cpp"

@I [HLS-0] exec clang -fno-limit-debug-info -gcc-toolchain /opt/xilinx/xilinx_2016.2/Vivado_HLS/2016.2/lnx64/tools/gcc -hls -hls-analyze-label -hls-analyze-pragma -fno-exceptions  -D__llvm__  -w  "/home/nrb74/ece5775/ECE5775_Final_Proj/matmult/1-mat_mult.prj/solution1/.autopilot/db/matmult.pragma.2.cpp"  -DK_CONST=1  -fno-math-errno -c -emit-llvm -O0  -mllvm -disable-llvm-optzns -fno-threadsafe-statics  -fno-use-cxa-atexit -DAESL_SYN -D__SYNTHESIS__ -D__HLS_SYN__ -I "/opt/xilinx/xilinx_2016.2/Vivado_HLS/2016.2/common/technology/autopilot" -I "/opt/xilinx/xilinx_2016.2/Vivado_HLS/2016.2/common/technology/autopilot/ap_sysc" -include etc/autopilot_ssdm_op.h -g -o "/home/nrb74/ece5775/ECE5775_Final_Proj/matmult/1-mat_mult.prj/solution1/.autopilot/db/matmult.g.bc"
@I [HLS-100] Command "source /home/nrb74/ece5775/ECE5775_Final_Proj/matmult/1-mat_mult.prj/solution1/.autopilot/db/ve_warning.tcl "
@I [HLS-100] Command 'ap_source' returned 0; elapsed 0Total elapsed time: 13.567 sec.
@I [HLS-10] Validating synthesis directives ...
@0 [HLS-0] Validating synthesis directives ...
@I [HLS-100] Command "source /home/nrb74/ece5775/ECE5775_Final_Proj/matmult/1-mat_mult.prj/solution1/.autopilot/db/pragma.status.tcl "
@I [HLS-100] Command 'ap_source' returned 0; elapsed 0Total elapsed time: 13.573 sec.
@I [HLS-0] Linking all ...
@I [HLS-0] exec llvm-ld  "/home/nrb74/ece5775/ECE5775_Final_Proj/matmult/1-mat_mult.prj/solution1/.autopilot/db/matmult.bc"  -disable-opt  -L/opt/xilinx/xilinx_2016.2/Vivado_HLS/2016.2/lnx64/lib -lm_basic -o "/home/nrb74/ece5775/ECE5775_Final_Proj/matmult/1-mat_mult.prj/solution1/.autopilot/db/a.o.pre"
@I [HLS-0] Link time: 0 seconds per iteration
@I [HLS-0] Linking all ...
@I [HLS-0] exec llvm-ld  "/home/nrb74/ece5775/ECE5775_Final_Proj/matmult/1-mat_mult.prj/solution1/.autopilot/db/matmult.g.bc"  -disable-opt  -L/opt/xilinx/xilinx_2016.2/Vivado_HLS/2016.2/lnx64/lib -lm_basic -o "/home/nrb74/ece5775/ECE5775_Final_Proj/matmult/1-mat_mult.prj/solution1/.autopilot/db/a.g.pre"
@I [HLS-0] Link time: 0 seconds per iteration
@I [HLS-100] Command "opt_and_import_c a -opt_level=2 -skip_syncheck=0 -ng=0 -keep_printf=0 "
@I [HLS-100] Command "cleanup_all_models "
@I [HLS-100] Command 'cleanup_all_models' returned 0; elapsed 0Total elapsed time: 13.918 sec.
@I [HLS-10] Starting code transformations ...
@0 [HLS-0] Starting code transformations ...
@I [HLS-0] std xform: transform -hls -share-std-xform -always-inline -promote-dbg-pointer  -interface-preproc  -scalarrepl -mem2reg -keep-read-access -instcombine -dce  -promote-dbg-pointer  -bitop-raise  -indvars -loop-simplify -xunroll  -constprop -instcombine -simplifycfg -indvars  -simplifycfg -dce -globaldce  -basicaa  -simplifycfg -mem2reg -globalopt  -global-constprop -deadargelim -instcombine -simplifycfg  -prune-eh -simplifycfg  -scalarrepl -instcombine -reassociate -licm  -simplifycfg -loop-simplify -indvars -instcombine  -simplifycfg -mem2reg -loop-simplify -indvars -instcombine  -gvn -gvn -instcombine -adce  -break-crit-edges  -simplifycfg -loop-delete  -global-array-opt -dce -dse -adce  -find-syn-modules -top matmult  -deadargelim  -mem2reg -instcombine -dce  -presyn-prepare -auto-rom-infer  -interface-preproc  -syn-check -check-rec-only  -find-region -simplifycfg -func-extr -function-inline  -globaldce -mem2reg -instcombine -dce   -gvn -globaldce -adce -adse  -constprop -instcombine -bit-constprop  -instcombine -dce -simplifycfg -bitop-raise  -simplifycfg -dce -loop-delete -reassociate  -globalopt -global-privatize -mem2reg -dce  -global-constprop -pointer-simplify -constprop -dce  -func-inst -deadargelim  -promote-dbg-pointer  -norm-name   /home/nrb74/ece5775/ECE5775_Final_Proj/matmult/1-mat_mult.prj/solution1/.autopilot/db/a.g.0.bc -o /home/nrb74/ece5775/ECE5775_Final_Proj/matmult/1-mat_mult.prj/solution1/.autopilot/db/a.g.1.bc -f  -phase std-opt
@I [HLS-0] Std xform time: 0 seconds per iteration
@I [HLS-100] Command "is_encrypted /home/nrb74/ece5775/ECE5775_Final_Proj/matmult/1-mat_mult.prj/solution1/.autopilot/db/a.g.1.bc "
@I [HLS-100] Command 'is_encrypted' returned 0; elapsed 0Total elapsed time: 14.120 sec.
@I [HLS-10] Checking synthesizability ...
@0 [HLS-0] Checking synthesizability ...
@I [HLS-0] syn check 1/2: transform -hls -syn-check -check-rec-only -disaggr -scalarrepl -norm-name -dce  -mem2reg -instcombine  -function-uniquify -directive-preproc -mem2reg -dse -dce -auto-rom-infer -dce  -array-normalize -instcombine -dce  -array-seg-normalize -instcombine -dce  -array-flatten -instcombine -dce  -array-burst -dce  -deadargelim -promote-global-argument  -simplifycfg -mem2reg -globaldce -resolve-double-ptr  -dce -deadargelim -dce -instcombine  -function-inline -globaldce -dce  -doublePtrSimplify -doublePtrElim -dce  -doublePtrSimplify -promote-dbg-pointer  -dce -scalarrepl -dse -adse -instcombine  -ptrLegalization  -simplifycfg -dce -instcombine  -pointer-simplify -ptrArgReplace -dce -instcombine   -disaggr -scalarrepl -norm-name -dce  -mem2reg -instcombine -ptrLegalization   -simplifycfg -deadargelim  -instcombine -dce -inst-simplify  -function-uniquify -directive-preproc -mem2reg -dse -dce  -globaldce    /home/nrb74/ece5775/ECE5775_Final_Proj/matmult/1-mat_mult.prj/solution1/.autopilot/db/a.g.1.bc -o /home/nrb74/ece5775/ECE5775_Final_Proj/matmult/1-mat_mult.prj/solution1/.autopilot/db/a.g.2.prechk.bc -f
@I [HLS-0] Syn check 1/2 time: 0 seconds per iteration
@I [HLS-0] syn check 2/2: transform -syn-check   /home/nrb74/ece5775/ECE5775_Final_Proj/matmult/1-mat_mult.prj/solution1/.autopilot/db/a.g.2.prechk.bc -o /home/nrb74/ece5775/ECE5775_Final_Proj/matmult/1-mat_mult.prj/solution1/.autopilot/db/a.g.2.bc -f  -phase syn-check
@I [HLS-0] Syn check 2/2 time: 0 seconds per iteration
@I [HLS-0] Compiler optimizing ...
@I [HLS-0] Share syncheck's 1.bc for syn flow: copy /home/nrb74/ece5775/ECE5775_Final_Proj/matmult/1-mat_mult.prj/solution1/.autopilot/db/a.g.1.bc to /home/nrb74/ece5775/ECE5775_Final_Proj/matmult/1-mat_mult.prj/solution1/.autopilot/db/a.o.1.bc
@I [HLS-0] presyn 1: transform -hls -tmp /home/nrb74/ece5775/ECE5775_Final_Proj/matmult/1-mat_mult.prj/solution1/.autopilot/db -type-info  -function-uniquify -directive-preproc -mem2reg -dse -dce  -disaggr -scalarrepl -norm-name -deadargelim  -mem2reg -instcombine -dce -auto-rom-infer -dce -function-uniquify  -resource-proc  -simplifycfg -mem2reg -globaldce -resolve-double-ptr -dce -deadargelim -dce -instcombine  -clib-intrinsic-prepare -dce  -func-buffer -dce -array-normalize  -func-legal -instcombine -gvn -constprop -dce   -ptrArgReplace -mem2reg -instcombine -dce  -array-seg-normalize -deadargelim  -instcombine -dce  -pointer-simplify -dce  -port-alignment -dce  -interface-preproc  -data-pack -instcombine -dce   -basicaa -aggr-aa -aggrmodref-aa -aggr-aa -gvn -gvn  -basicaa -aggr-aa -aggrmodref-aa -aggr-aa -dse -adse -adce  -loop-simplify -indvars -instcombine  -gvn -loop-simplify -mem2reg -dce -simplifycfg  -find-region -instcombine  -auto-loop-pipeline  -inst-simplify  -interface-preproc  -indvars -auto-loop-unroll -loop-simplify -loop-bound -xunroll  -constprop -instcombine -simplifycfg -indvars  -simplifycfg -dce -globaldce  -attach-range  -gvn -inst-simplify  -constprop -simplifycfg -dce  -pointer-simplify -dce  -globalopt -constprop -dce  -array-promote -constprop -instcombine -dce  -ptrArgReplace -mem2reg  -instcombine -simplifycfg -dce  -auto-par -instcombine -dce  -array-transform-check  -array-reshape -instcombine -simplifycfg -dce  -ptrArgReplace -deadargelim -mem2reg  -instcombine -simplifycfg -dce   -indvars -loop-simplify -loop-bound -xunroll  -constprop -instcombine -simplifycfg -indvars  -simplifycfg -dce -globaldce  -duplicate-dataflow-processes -globaldce  -array-partition -instcombine -simplifycfg -dce  -ptrArgReplace -global-constprop -deadargelim -mem2reg  -func-legal -instcombine -dce -global-constprop -deadargelim -mem2reg  -instcombine -simplifycfg -dce   -globalopt -constprop -dce  -array-promote -constprop -instcombine -dce  -ptrArgReplace -mem2reg  -instcombine -simplifycfg -dce   -mem-intrinsic-preproc -dce  -global-privatize  -mem2reg -globaldce  -promote-global-argument  -ptrArgReplace -mem2reg -instcombine -dce  -globalopt -mergereturn -simplify-global-access -mem2reg -dce  -pointer-simplify -dce  -functionattrs  -basicaa -aggr-aa -aggrmodref-aa -aggr-aa -gvn -gvn  -basicaa -aggr-aa -aggrmodref-aa -aggr-aa -dse -adse -adce  -inst-simplify -dce -norm-name  -function-inline -globaldce  -func-inst -constprop -instcombine -simplifycfg -dce  -func-legal -dce   -loop-bound  -arraycheck -bitwidthmin -on-by-dataflow  -loop-delete -instcombine -simplifycfg  -globaldce -dce -gvn -deadargelim -dce -loop-simplify -clean-region -simplifycfg -propagate-stable-arguments  -loop-stream -instcombine -simplifycfg -dce -globaldce  -stream-intrinsic-preproc -dce  -check-ap-stream -loop-simplify -eliminate-keepreads  -extract-dataflow-in-loop -loop-simplify -dce -gvn -deadargelim -dse  -check-dataflow-syntax  -legalize-stream-variable -legalize-global -legalize-global-1  -extract-subproc -dce -dead-channel-elimination  -canonicalize-gep -globaldce -dce -gvn -deadargelim  -scalar-propagation -deadargelim -globaldce -mem2reg  -check-dataflow-channels -function-stream -annotate-dataflow-channels -dce -globaldce  -prop-fifo-spec -internal-stream-gen  -canonicalize-gep -globaldce -dce -gvn -deadargelim   -mergereturn -indvars -loop-simplify -instcombine  -array-stream -instcombine -simplifycfg -dce  -bundle-memfifo-ops -deadargelim    -function-uniquify -directive-preproc -mem2reg -dse -dce  -group-axi-access    -licm -simplifycfg -dce -loop-delete  -norm-name  /home/nrb74/ece5775/ECE5775_Final_Proj/matmult/1-mat_mult.prj/solution1/.autopilot/db/a.o.1.bc -o /home/nrb74/ece5775/ECE5775_Final_Proj/matmult/1-mat_mult.prj/solution1/.autopilot/db/a.o.1.tmp.bc -f
@W [XFORM-104] Completely partitioning array 'out_vec' (matmult.cpp:28) accessed through non-constant indices on dimension 1 (matmult.cpp:38:13), which may result in long runtime and suboptimal QoR due to large multiplexers. Please consider wrapping the array access into a function or using a register file core instead.
@I [XFORM-101] Partitioning array 'out_vec' (matmult.cpp:28) in dimension 1 completely.
@I [HLS-0] Presyn 1 time: 0 seconds per iteration
@I [HLS-0] presyn 2: transform -hls -keep-callgraph -scalarrepl -mem2reg  -port-alignment -attach-range -dce  -pipe-mux-gen  -indvars -loop-bound  -inst-simplify -instcombine -dce  -merge-array-access -mem2reg -dce  -clean-region -mergereturn -if-conv  -instcombine -dce -constprop  -basicaa -aggr-aa -aggrmodref-aa -aggr-aa -gvn -gvn  -basicaa -aggr-aa -aggrmodref-aa -aggr-aa -dse -adse -adce  -scalarrepl -mem2reg  -global-constprop -deadargelim -deadargelim  -instcombine -dce -simplifycfg    -ptrArgReplace -mem2reg -function-inline  -globaldce -mem2reg -instcombine -dce -expr-balance  -instcombine -dce  -bitwidthmin  -interface-preproc -directive-preproc  -inst-rectify -instcombine -dce  -functionattrs  -constprop -instcombine -bit-constprop  -simplify-global-access  -globalopt -globaldce  -inst-simplify -instcombine -elimdeaddata -dce  -loop-delete -simplifycfg -loop-simplify -auto-burst   -norm-name /home/nrb74/ece5775/ECE5775_Final_Proj/matmult/1-mat_mult.prj/solution1/.autopilot/db/a.o.1.tmp.bc -o /home/nrb74/ece5775/ECE5775_Final_Proj/matmult/1-mat_mult.prj/solution1/.autopilot/db/a.o.2.bc -f  -phase presyn
@I [HLS-0] Presyn 2 time: 0 seconds per iteration
@I [HLS-100] Command "is_encrypted /home/nrb74/ece5775/ECE5775_Final_Proj/matmult/1-mat_mult.prj/solution1/.autopilot/db/a.o.2.bc "
@I [HLS-100] Command 'is_encrypted' returned 0; elapsed 0Total elapsed time: 15.614 sec.
@I [HLS-0] build ssdm: transform -hls  -function-uniquify -auto-function-inline -globaldce  -ptrArgReplace -mem2reg -instcombine -dce  -reset-lda  -loop-simplify -indvars -licm -loop-dep  -loop-bound -licm -loop-simplify -flattenloopnest  -array-flatten -gvn -instcombine -dce  -array-map -dce -func-legal  -gvn -adce -instcombine -cfgopt -simplifycfg -loop-simplify   -array-burst -promote-global-argument -dce  -axi4-lower -array-seg-normalize  -basicaa -aggrmodref-aa -globalsmodref-aa -aggr-aa -gvn -gvn  -basicaa -aggrmodref-aa -globalsmodref-aa -aggr-aa -dse -adse -adce -licm  -inst-simplify -dce  -globaldce -instcombine -array-stream -eliminate-keepreads -instcombine  -dce   -deadargelim -doublePtrSimplify  -doublePtrElim -dce -doublePtrSimplify -promote-dbg-pointer  -dce -scalarrepl -mem2reg -disaggr -norm-name -mem2reg  -instcombine  -dse -adse -adce -ptrLegalization -dce -auto-rom-infer -array-flatten -dce -instcombine  -loop-rot -constprop -cfgopt -simplifycfg -loop-simplify -indvars -pointer-simplify -dce -loop-bound  -loop-simplify -loop-preproc  -constprop -global-constprop -gvn -mem2reg -instcombine -dce  -loop-merge -dce  -bitwidthmin  -deadargelim -dce  -scalar-propagation -deadargelim -globaldce -mem2reg  -interface-preproc -interface-gen  -deadargelim -directive-preproc -inst-simplify -dce  -gvn -mem2reg -instcombine -dce -adse  -loop-bound  -instcombine -cfgopt -simplifycfg -loop-simplify  -clean-region -io-protocol  -find-region -mem2reg  -bitop-raise  -inst-simplify -inst-rectify -instcombine -adce -deadargelim  -loop-simplify -phi-opt -bitop-raise  -cfgopt -simplifycfg -strip-dead-prototypes  -interface-lower -bitop-lower -intrinsic-lower -auto-function-inline  -basicaa -aggrmodref-aa -globalsmodref-aa -aggr-aa  -inst-simplify -simplifycfg   -mergereturn -inst-simplify -inst-rectify  -dce -bitop-lower  -loop-rewind -pointer-simplify -dce -cfgopt  -read-loop-dep -dce -bitwidth -norm-name -legalize    -cdfg-build  /home/nrb74/ece5775/ECE5775_Final_Proj/matmult/1-mat_mult.prj/solution1/.autopilot/db/a.o.2.bc -o /home/nrb74/ece5775/ECE5775_Final_Proj/matmult/1-mat_mult.prj/solution1/.autopilot/db/a.o.3.bc -f  -phase build-ssdm
@I [XFORM-541] Flattening a loop nest 'LOOP_MAT_MULT_2' (matmult.cpp:32:57) in function 'matmult'.
@W [XFORM-542] Cannot flatten a loop nest 'LOOP_MAT_MULT_0' (matmult.cpp:27:53) in function 'matmult' : 
               more than one sub loop.
@I [HLS-0] Build ssdm time: 1 seconds per iteration
@I [HLS-100] Command "is_encrypted /home/nrb74/ece5775/ECE5775_Final_Proj/matmult/1-mat_mult.prj/solution1/.autopilot/db/a.o.3.bc "
@I [HLS-100] Command 'is_encrypted' returned 0; elapsed 0Total elapsed time: 17.631 sec.
@I [HLS-0] Finish building internal data model.
@I [HLS-100] Command 'opt_and_import_c' returned 0; elapsed 3.37Total elapsed time: 17.691 sec.
@I [HLS-111] Elapsed time: 5.58 seconds; current memory usage: 124 MB.
@I [HLS-100] Command 'elaborate' returned 0; elapsed 4.79Total elapsed time: 17.693 sec.
@I [HLS-100] Command "autosyn "
@I [HLS-10] Starting hardware synthesis ...
@0 [HLS-0] Starting hardware synthesis ...
@I [HLS-0] Synthesizing C/C++ design ...
@I [HLS-10] Synthesizing 'matmult' ...
@0 [HLS-0] Synthesizing 'matmult' ...
@I [HLS-100] Command "ap_set_top_model matmult "
@I [HLS-100] Command 'ap_set_top_model' returned 0; elapsed 0Total elapsed time: 17.694 sec.
@I [HLS-100] Command "get_model_list matmult -filter all-wo-channel -topdown "
@I [HLS-100] Command 'get_model_list' returned 0; elapsed 0Total elapsed time: 17.694 sec.
@I [HLS-100] Command "preproc_iomode -model matmult "
@I [HLS-100] Command 'preproc_iomode' returned 0; elapsed 0Total elapsed time: 17.695 sec.
@I [HLS-100] Command "get_model_list matmult -filter all-wo-channel "
@I [HLS-100] Command 'get_model_list' returned 0; elapsed 0Total elapsed time: 17.695 sec.
@I [HLS-0] Model list for configure: matmult
@I [HLS-0] Configuring Module : matmult ...
@I [HLS-100] Command "set_default_model matmult "
@I [HLS-100] Command 'set_default_model' returned 0; elapsed 0Total elapsed time: 17.697 sec.
@I [HLS-100] Command "apply_spec_resource_limit matmult "
@I [HLS-100] Command 'apply_spec_resource_limit' returned 0; elapsed 0Total elapsed time: 17.697 sec.
@I [HLS-0] Model list for preprocess: matmult
@I [HLS-0] Preprocessing Module: matmult ...
@I [HLS-100] Command "set_default_model matmult "
@I [HLS-100] Command 'set_default_model' returned 0; elapsed 0Total elapsed time: 17.698 sec.
@I [HLS-100] Command "cdfg_preprocess -model matmult "
@I [HLS-100] Command 'cdfg_preprocess' returned 0; elapsed 0.03Total elapsed time: 17.715 sec.
@I [HLS-100] Command "rtl_gen_preprocess matmult "
@W [SYN-107] Renaming port name 'matmult/out' to 'matmult/out_r' to avoid the conflict with HDL keywords or other object names.
@I [HLS-100] Command 'rtl_gen_preprocess' returned 0; elapsed 0Total elapsed time: 17.716 sec.
@I [HLS-0] Model list for synthesis: matmult
@I [HLS-10] ----------------------------------------------------------------
@0 [HLS-0] ----------------------------------------------------------------
@I [HLS-10] -- Scheduling module 'matmult' 
@0 [HLS-0] -- Scheduling module 'matmult' 
@I [HLS-10] ----------------------------------------------------------------
@0 [HLS-0] ----------------------------------------------------------------
@I [HLS-100] Command "set_default_model matmult "
@I [HLS-100] Command 'set_default_model' returned 0; elapsed 0Total elapsed time: 17.717 sec.
@I [HLS-100] Command "schedule -model matmult "
@I [SCHED-11] Starting scheduling ...
@I [SCHED-61] Pipelining loop 'LOOP_MAT_MULT_2_LOOP_MAT_MULT_3'.
@W [SCHED-68] Unable to enforce a carried dependency constraint (II = 1, distance = 1)
   between 'phi' operation ('out_vec[99]') with incoming values : ('out_vec[0]', matmult.cpp:34) and 'phi' operation ('out_vec_99_4', matmult.cpp:34) with incoming values : ('out_vec[0]', matmult.cpp:34).
@W [SCHED-68] Unable to enforce a carried dependency constraint (II = 2, distance = 1)
   between 'phi' operation ('out_vec[99]') with incoming values : ('out_vec[0]', matmult.cpp:34) and 'phi' operation ('out_vec_99_4', matmult.cpp:34) with incoming values : ('out_vec[0]', matmult.cpp:34).
@W [SCHED-68] Unable to enforce a carried dependency constraint (II = 3, distance = 1)
   between 'phi' operation ('out_vec[99]') with incoming values : ('out_vec[0]', matmult.cpp:34) and 'phi' operation ('out_vec_99_4', matmult.cpp:34) with incoming values : ('out_vec[0]', matmult.cpp:34).
@I [SCHED-61] Pipelining result: Target II: 1, Final II: 4, Depth: 11.
@W [SCHED-21] Estimated clock period (11ns) exceeds the target (target clock period: 10ns, clock uncertainty: 1.25ns, effective delay budget: 8.75ns).
@W [SCHED-21] The critical path consists of the following:
	'phi' operation ('out_vec_99_4', matmult.cpp:34) with incoming values : ('out_vec[0]', matmult.cpp:34) (0 ns)
	'mux' operation ('tmp_6', matmult.cpp:34) (3.74 ns)
	'fadd' operation ('out_vec[0]', matmult.cpp:34) (7.26 ns)
@W [SCHED-104] State 3 has incomplete outgoing transitions.
@I [SCHED-11] Finished scheduling.
@I [HLS-100] Command 'schedule' returned 0; elapsed 29.42Total elapsed time: 47.142 sec.
@I [HLS-111] Elapsed time: 29.46 seconds; current memory usage: 131 MB.
@I [HLS-100] Command "report -o /home/nrb74/ece5775/ECE5775_Final_Proj/matmult/1-mat_mult.prj/solution1/.autopilot/db/matmult.verbose.sched.rpt -verbose -f "
@I [HLS-100] Command 'report' returned 0; elapsed 1.61Total elapsed time: 49.203 sec.
@I [HLS-100] Command "db_write -o /home/nrb74/ece5775/ECE5775_Final_Proj/matmult/1-mat_mult.prj/solution1/.autopilot/db/matmult.sched.adb -f "
@I [HLS-100] Command 'db_write' returned 0; elapsed 0.61Total elapsed time: 50.979 sec.
@I [HLS-0] Finish scheduling matmult.
@I [HLS-10] ----------------------------------------------------------------
@0 [HLS-0] ----------------------------------------------------------------
@I [HLS-10] -- Exploring micro-architecture for module 'matmult' 
@0 [HLS-0] -- Exploring micro-architecture for module 'matmult' 
@I [HLS-10] ----------------------------------------------------------------
@0 [HLS-0] ----------------------------------------------------------------
@I [HLS-100] Command "set_default_model matmult "
@I [HLS-100] Command 'set_default_model' returned 0; elapsed 0Total elapsed time: 50.986 sec.
@I [HLS-100] Command "bind -model matmult "
@I [BIND-110] clear=
@I [BIND-110] debug=
@I [BIND-110] drf=
@I [BIND-110] effort=
@I [BIND-110] fast_refine=
@I [BIND-110] fu_weight=[ 0.0 -- 1.0 ]
@I [BIND-110] global_opt=
@I [BIND-110] gsearch=
@I [BIND-110] help=
@I [BIND-110] help-hidden=
@I [BIND-110] min_mem_port=
@I [BIND-110] min_op=
@I [BIND-110] minreg=
@I [BIND-110] ml=
@I [BIND-110] model=matmult
@I [BIND-110] no_false_path=
@I [BIND-110] no_min_op=
@I [BIND-110] normalize=
@I [BIND-110] quiet=
@I [BIND-110] refine=
@I [BIND-110] reg_weight=[ 0.0 -- 1.0 ]
@I [BIND-110] search=
@I [BIND-110] tight_delay=
@I [BIND-110] verbose=
@I [BIND-110] wFF=
@I [BIND-110] wFU=
@I [BIND-110] wMUX=
@I [BIND-110] wNET=
@I [BIND-100] Starting micro-architecture generation ...
@I [BIND-101] Performing variable lifetime analysis.
@I [BIND-101] Exploring resource sharing.
@I [BIND-101] Binding ...
@I [BIND-100] Finished micro-architecture generation.
@I [HLS-100] Command 'bind' returned 0; elapsed 1.02Total elapsed time: 52.2 sec.
@I [HLS-111] Elapsed time: 3.24 seconds; current memory usage: 180 MB.
@I [HLS-100] Command "report -o /home/nrb74/ece5775/ECE5775_Final_Proj/matmult/1-mat_mult.prj/solution1/.autopilot/db/matmult.verbose.bind.rpt -verbose -f "
@I [HLS-100] Command 'report' returned 0; elapsed 0.48Total elapsed time: 52.993 sec.
@I [HLS-100] Command "db_write -o /home/nrb74/ece5775/ECE5775_Final_Proj/matmult/1-mat_mult.prj/solution1/.autopilot/db/matmult.bind.adb -f "
@I [HLS-100] Command 'db_write' returned 0; elapsed 0.68Total elapsed time: 54.654 sec.
@I [HLS-0] Finish binding matmult.
@I [HLS-100] Command "get_model_list matmult -filter all-wo-channel "
@I [HLS-100] Command 'get_model_list' returned 0; elapsed 0Total elapsed time: 54.654 sec.
@I [HLS-0] Preprocessing for RTLGen ...
@I [HLS-100] Command "rtl_gen_preprocess matmult "
@I [HLS-100] Command 'rtl_gen_preprocess' returned 0; elapsed 0Total elapsed time: 54.658 sec.
@I [HLS-0] Model list for RTL generation: matmult
@I [HLS-10] ----------------------------------------------------------------
@0 [HLS-0] ----------------------------------------------------------------
@I [HLS-10] -- Generating RTL for module 'matmult' 
@0 [HLS-0] -- Generating RTL for module 'matmult' 
@I [HLS-10] ----------------------------------------------------------------
@0 [HLS-0] ----------------------------------------------------------------
@I [HLS-100] Command "create_rtl_model matmult -vendor xilinx -mg_file /home/nrb74/ece5775/ECE5775_Final_Proj/matmult/1-mat_mult.prj/solution1/.autopilot/db/matmult.compgen.tcl "
@I [RTGEN-500] Setting interface mode on port 'matmult/a' to 'ap_memory'.
@I [RTGEN-500] Setting interface mode on port 'matmult/b' to 'ap_memory'.
@I [RTGEN-500] Setting interface mode on port 'matmult/out_r' to 'ap_memory'.
@I [RTGEN-500] Setting interface mode on function 'matmult' to 'ap_ctrl_hs'.
@I [RTGEN-100] Generating core module 'matmult_fadd_32ns_32ns_32_5_full_dsp': 1 instance(s).
@I [RTGEN-100] Generating core module 'matmult_fmul_32ns_32ns_32_4_max_dsp': 1 instance(s).
@I [RTGEN-100] Generating core module 'matmult_mac_muladd_7ns_8ns_7ns_14_1': 1 instance(s).
@I [RTGEN-100] Generating core module 'matmult_mux_100to1_sel7_32_1': 2 instance(s).
@I [RTGEN-100] Finished creating RTL model for 'matmult'.
@I [HLS-100] Command 'create_rtl_model' returned 0; elapsed 9.59Total elapsed time: 64.287 sec.
@I [HLS-111] Elapsed time: 10.75 seconds; current memory usage: 227 MB.
@I [HLS-100] Command "source /home/nrb74/ece5775/ECE5775_Final_Proj/matmult/1-mat_mult.prj/solution1/.autopilot/db/matmult.rtl_wrap.cfg.tcl "
@I [HLS-100] Command 'ap_source' returned 0; elapsed 0Total elapsed time: 64.293 sec.
@I [HLS-100] Command "gen_rtl matmult -istop -style xilinx -tracefl mytrace -tracefmt vcd -traceopt all -f -lang sc -o /home/nrb74/ece5775/ECE5775_Final_Proj/matmult/1-mat_mult.prj/solution1/syn/systemc/matmult -synmodules matmult "
@I [HLS-100] Command 'gen_rtl' returned 0; elapsed 0.2Total elapsed time: 64.505 sec.
@I [HLS-100] Command "gen_rtl matmult -istop -style xilinx -f -lang vhdl -o /home/nrb74/ece5775/ECE5775_Final_Proj/matmult/1-mat_mult.prj/solution1/syn/vhdl/matmult "
@I [HLS-100] Command 'gen_rtl' returned 0; elapsed 0.16Total elapsed time: 64.667 sec.
@I [HLS-100] Command "gen_rtl matmult -istop -style xilinx -f -lang vlog -o /home/nrb74/ece5775/ECE5775_Final_Proj/matmult/1-mat_mult.prj/solution1/syn/verilog/matmult "
@I [HLS-100] Command 'gen_rtl' returned 0; elapsed 0.17Total elapsed time: 64.844 sec.
@I [HLS-100] Command "export_constraint_db -o /home/nrb74/ece5775/ECE5775_Final_Proj/matmult/1-mat_mult.prj/solution1/.autopilot/db/matmult.constraint.tcl -f -tool general "
@I [HLS-100] Command 'export_constraint_db' returned 0; elapsed 0Total elapsed time: 64.848 sec.
@I [HLS-100] Command "report -model matmult -o /home/nrb74/ece5775/ECE5775_Final_Proj/matmult/1-mat_mult.prj/solution1/.autopilot/db/matmult.design.xml -verbose -f -dv "
@I [HLS-100] Command 'report' returned 0; elapsed 0.08Total elapsed time: 64.934 sec.
@I [HLS-100] Command "report -model matmult -o /home/nrb74/ece5775/ECE5775_Final_Proj/matmult/1-mat_mult.prj/solution1/.autopilot/db/matmult.sdaccel.xml -verbose -f -sdaccel "
@I [HLS-100] Command 'report' returned 0; elapsed 0.62Total elapsed time: 65.554 sec.
@I [HLS-100] Command "gen_tb_info matmult -o /home/nrb74/ece5775/ECE5775_Final_Proj/matmult/1-mat_mult.prj/solution1/.autopilot/db/matmult -p /home/nrb74/ece5775/ECE5775_Final_Proj/matmult/1-mat_mult.prj/solution1/.autopilot/db "
@I [HLS-100] Command 'gen_tb_info' returned 0; elapsed 0Total elapsed time: 65.570 sec.
@I [HLS-100] Command "report -model matmult -o /home/nrb74/ece5775/ECE5775_Final_Proj/matmult/1-mat_mult.prj/solution1/syn/report/matmult_csynth.rpt -f "
@I [HLS-100] Command 'report' returned 0; elapsed 0.07Total elapsed time: 65.647 sec.
@I [HLS-100] Command "report -model matmult -o /home/nrb74/ece5775/ECE5775_Final_Proj/matmult/1-mat_mult.prj/solution1/syn/report/matmult_csynth.xml -f -x "
@I [HLS-100] Command 'report' returned 0; elapsed 0.03Total elapsed time: 65.683 sec.
@I [HLS-100] Command "report -model matmult -o /home/nrb74/ece5775/ECE5775_Final_Proj/matmult/1-mat_mult.prj/solution1/.autopilot/db/matmult.verbose.rpt -verbose -f "
@I [HLS-100] Command 'report' returned 0; elapsed 0.53Total elapsed time: 66.667 sec.
@I [HLS-100] Command "db_write -model matmult -o /home/nrb74/ece5775/ECE5775_Final_Proj/matmult/1-mat_mult.prj/solution1/.autopilot/db/matmult.adb -f "
@I [HLS-100] Command 'db_write' returned 0; elapsed 0.74Total elapsed time: 68.490 sec.
@I [HLS-100] Command "sc_get_clocks matmult "
@I [HLS-100] Command 'sc_get_clocks' returned 0; elapsed 0Total elapsed time: 71.217 sec.
@I [HLS-100] Command "sc_get_portdomain matmult "
@I [HLS-100] Command 'sc_get_portdomain' returned 0; elapsed 0Total elapsed time: 71.218 sec.
@I [HLS-0] Model list for RTL component generation: matmult
@I [HLS-0] Handling components in module [matmult] ... 
@I [HLS-100] Command "source /home/nrb74/ece5775/ECE5775_Final_Proj/matmult/1-mat_mult.prj/solution1/.autopilot/db/matmult.compgen.tcl "
@I [HLS-0] Found component matmult_fadd_32ns_32ns_32_5_full_dsp.
@I [HLS-0] Append model matmult_fadd_32ns_32ns_32_5_full_dsp
@I [HLS-0] Found component matmult_fmul_32ns_32ns_32_4_max_dsp.
@I [HLS-0] Append model matmult_fmul_32ns_32ns_32_4_max_dsp
@I [HLS-0] Found component matmult_mux_100to1_sel7_32_1.
@I [HLS-0] Append model matmult_mux_100to1_sel7_32_1
@I [HLS-0] Found component matmult_mac_muladd_7ns_8ns_7ns_14_1.
@I [HLS-0] Append model matmult_mac_muladd_7ns_8ns_7ns_14_1
@I [HLS-100] Command 'ap_source' returned 0; elapsed 0Total elapsed time: 71.238 sec.
@I [HLS-0] Append model matmult
@I [HLS-0] Generating RTL model list ...
@I [HLS-0] All models in this session: matmult_fadd_32ns_32ns_32_5_full_dsp matmult_fmul_32ns_32ns_32_4_max_dsp matmult_mux_100to1_sel7_32_1 matmult_mac_muladd_7ns_8ns_7ns_14_1 matmult
@I [HLS-0] To file: write model matmult_fadd_32ns_32ns_32_5_full_dsp
@I [HLS-0] To file: write model matmult_fmul_32ns_32ns_32_4_max_dsp
@I [HLS-0] To file: write model matmult_mux_100to1_sel7_32_1
@I [HLS-0] To file: write model matmult_mac_muladd_7ns_8ns_7ns_14_1
@I [HLS-0] To file: write model matmult
@I [HLS-0] Finished generating RTL model list.


@I [HLS-0] RTL Generation done.
@I [HLS-0] CAS Generation done.
@I [HLS-0] CBC Generation done.
@I [HLS-100] Command "export_ssdm /home/nrb74/ece5775/ECE5775_Final_Proj/matmult/1-mat_mult.prj/solution1/.autopilot/db/a.export.ll "
@I [HLS-100] Command 'export_ssdm' returned 0; elapsed 0.01Total elapsed time: 71.267 sec.
@I [HLS-100] Command "source /home/nrb74/ece5775/ECE5775_Final_Proj/matmult/1-mat_mult.prj/solution1/.autopilot/db/global.setting.tcl "
@I [HLS-100] Command 'ap_source' returned 0; elapsed 0Total elapsed time: 71.284 sec.
@I [HLS-100] Command "source /opt/xilinx/xilinx_2016.2/Vivado_HLS/2016.2/common/technology/generic/autopilot/common.gen "
@I [HLS-100] Command "source /opt/xilinx/xilinx_2016.2/Vivado_HLS/2016.2/common/technology/generic/autopilot/APCoreGen.gen "
@I [HLS-100] Command 'ap_source' returned 0; elapsed 0Total elapsed time: 71.296 sec.
@I [HLS-100] Command 'ap_source' returned 0; elapsed 0Total elapsed time: 71.297 sec.
@I [HLS-100] Command "source /opt/xilinx/xilinx_2016.2/Vivado_HLS/2016.2/common/technology/generic/autopilot/op.gen "
@I [HLS-100] Command 'ap_source' returned 0; elapsed 0Total elapsed time: 71.301 sec.
@I [HLS-100] Command "source /opt/xilinx/xilinx_2016.2/Vivado_HLS/2016.2/common/technology/generic/autopilot/op_simcore.gen "
@I [HLS-100] Command 'ap_source' returned 0; elapsed 0Total elapsed time: 71.305 sec.
@I [HLS-100] Command "source /opt/xilinx/xilinx_2016.2/Vivado_HLS/2016.2/common/technology/generic/autopilot/interface.gen "
@I [HLS-100] Command 'ap_source' returned 0; elapsed 0Total elapsed time: 71.308 sec.
@I [HLS-100] Command "source /home/nrb74/ece5775/ECE5775_Final_Proj/matmult/1-mat_mult.prj/solution1/.autopilot/db/global.setting.tcl "
@I [HLS-100] Command 'ap_source' returned 0; elapsed 0Total elapsed time: 71.314 sec.
@I [HLS-100] Command "source /opt/xilinx/xilinx_2016.2/Vivado_HLS/2016.2/common/technology/xilinx/zynq/zynq.gen "
@I [HLS-100] Command "source /opt/xilinx/xilinx_2016.2/Vivado_HLS/2016.2/common/technology/xilinx/common/virtex.gen "
@I [HLS-100] Command "source /opt/xilinx/xilinx_2016.2/Vivado_HLS/2016.2/common/technology/xilinx/common/xilinx.gen "
@I [HLS-100] Command "source /opt/xilinx/xilinx_2016.2/Vivado_HLS/2016.2/common/technology/xilinx/interface/plb46.gen "
@I [HLS-100] Command 'ap_source' returned 0; elapsed 0Total elapsed time: 71.327 sec.
@I [HLS-100] Command "source /opt/xilinx/xilinx_2016.2/Vivado_HLS/2016.2/common/technology/xilinx/interface/fsl.gen "
@I [HLS-100] Command 'ap_source' returned 0; elapsed 0Total elapsed time: 71.331 sec.
@I [HLS-100] Command "source /opt/xilinx/xilinx_2016.2/Vivado_HLS/2016.2/common/technology/xilinx/interface/axi4.gen "
@I [HLS-100] Command 'ap_source' returned 0; elapsed 0Total elapsed time: 71.337 sec.
@I [HLS-100] Command "source /opt/xilinx/xilinx_2016.2/Vivado_HLS/2016.2/common/technology/xilinx/interface/nativeAXI4.gen "
@I [HLS-100] Command "source /opt/xilinx/xilinx_2016.2/Vivado_HLS/2016.2/common/technology/xilinx/interface/saxilite.gen "
@I [HLS-100] Command 'ap_source' returned 0; elapsed 0.01Total elapsed time: 71.349 sec.
@I [HLS-100] Command "source /opt/xilinx/xilinx_2016.2/Vivado_HLS/2016.2/common/technology/xilinx/interface/maxi.gen "
@I [HLS-100] Command 'ap_source' returned 0; elapsed 0.01Total elapsed time: 71.359 sec.
@I [HLS-100] Command 'ap_source' returned 0; elapsed 0.02Total elapsed time: 71.360 sec.
@I [HLS-100] Command "source /opt/xilinx/xilinx_2016.2/Vivado_HLS/2016.2/common/technology/xilinx/scripts/xilinxcoregen.gen "
@I [HLS-100] Command 'ap_source' returned 0; elapsed 0.01Total elapsed time: 71.371 sec.
@I [HLS-100] Command "source /opt/xilinx/xilinx_2016.2/Vivado_HLS/2016.2/common/technology/xilinx/interface/XilEDKCoreGen.gen "
@I [HLS-100] Command 'ap_source' returned 0; elapsed 0Total elapsed time: 71.380 sec.
@I [HLS-100] Command "source /opt/xilinx/xilinx_2016.2/Vivado_HLS/2016.2/common/technology/xilinx/ip/dds_compiler.gen "
@I [HLS-100] Command 'ap_source' returned 0; elapsed 0.01Total elapsed time: 71.387 sec.
@I [HLS-100] Command "source /opt/xilinx/xilinx_2016.2/Vivado_HLS/2016.2/common/technology/xilinx/ip/util.gen "
@I [HLS-100] Command 'ap_source' returned 0; elapsed 0Total elapsed time: 71.389 sec.
@I [HLS-100] Command "source /opt/xilinx/xilinx_2016.2/Vivado_HLS/2016.2/common/technology/xilinx/ip/xfft.gen "
@I [HLS-100] Command 'ap_source' returned 0; elapsed 0.08Total elapsed time: 71.473 sec.
@I [HLS-100] Command "source /opt/xilinx/xilinx_2016.2/Vivado_HLS/2016.2/common/technology/xilinx/ip/xfir.gen "
@I [HLS-100] Command 'ap_source' returned 0; elapsed 0.01Total elapsed time: 71.475 sec.
@I [HLS-100] Command 'ap_source' returned 0; elapsed 0.13Total elapsed time: 71.476 sec.
@I [HLS-100] Command "source /opt/xilinx/xilinx_2016.2/Vivado_HLS/2016.2/common/technology/xilinx/common/dsp48.gen "
@I [HLS-100] Command 'ap_source' returned 0; elapsed 0Total elapsed time: 71.479 sec.
@I [HLS-100] Command 'ap_source' returned 0; elapsed 0.14Total elapsed time: 71.479 sec.
@I [HLS-100] Command 'ap_source' returned 0; elapsed 0.14Total elapsed time: 71.480 sec.
@I [HLS-100] Command "source /opt/xilinx/xilinx_2016.2/Vivado_HLS/2016.2/common/technology/xilinx/zynq/zynq_fpv6.gen "
@I [HLS-100] Command "source /opt/xilinx/xilinx_2016.2/Vivado_HLS/2016.2/common/technology/xilinx/common/xilinx_fpv6.gen "
@I [HLS-100] Command 'ap_source' returned 0; elapsed 0Total elapsed time: 71.485 sec.
@I [HLS-100] Command 'ap_source' returned 0; elapsed 0Total elapsed time: 71.485 sec.
@I [HLS-100] Command "source /home/nrb74/ece5775/ECE5775_Final_Proj/matmult/1-mat_mult.prj/solution1/.autopilot/db/global.setting.tcl "
@I [HLS-100] Command 'ap_source' returned 0; elapsed 0Total elapsed time: 71.489 sec.
@I [HLS-100] Command "source /home/nrb74/ece5775/ECE5775_Final_Proj/matmult/1-mat_mult.prj/solution1/.autopilot/db/global.setting.tcl "
@I [HLS-100] Command 'ap_source' returned 0; elapsed 0Total elapsed time: 71.493 sec.
@I [HLS-100] Command "source /home/nrb74/ece5775/ECE5775_Final_Proj/matmult/1-mat_mult.prj/solution1/.autopilot/db/global.setting.tcl "
@I [HLS-100] Command 'ap_source' returned 0; elapsed 0Total elapsed time: 71.497 sec.
@I [HLS-100] Command "source /home/nrb74/ece5775/ECE5775_Final_Proj/matmult/1-mat_mult.prj/solution1/.autopilot/db/global.setting.tcl "
@I [HLS-100] Command 'ap_source' returned 0; elapsed 0Total elapsed time: 71.501 sec.
@I [HLS-100] Command "source /home/nrb74/ece5775/ECE5775_Final_Proj/matmult/1-mat_mult.prj/solution1/.autopilot/db/matmult.compgen.tcl "
@I [HLS-100] Command 'ap_source' returned 0; elapsed 0.11Total elapsed time: 71.730 sec.
@I [HLS-10] Finished generating all RTL models.
@0 [HLS-0] Finished generating all RTL models.
@I [SYSC-301] Generating SystemC RTL for matmult.
@I [VHDL-304] Generating VHDL RTL for matmult.
@I [VLOG-307] Generating Verilog RTL for matmult.
@I [HLS-100] Command 'autosyn' returned 0; elapsed 47.41Total elapsed time: 71.997 sec.
@I [HLS-100] Command 'csynth_design' returned 0; elapsed 52.2Total elapsed time: 71.998 sec.
@I [HLS-100] Command "source collect_result.tcl "
@I [HLS-100] Command 'ap_source' returned 0; elapsed 0.01Total elapsed time: 72.22 sec.
@I [HLS-100] Command "cleanup_all "
@I [HLS-100] Command 'cleanup_all' returned 0; elapsed 0.19Total elapsed time: 72.215 sec.
