

================================================================
== Vivado HLS Report for 'dut_conv1'
================================================================
* Date:           Fri Dec  9 19:43:15 2022

* Version:        2016.2 (Build 1577090 on Thu Jun 02 16:59:10 MDT 2016)
* Project:        mlp_base.prj
* Solution:       solution1
* Product family: zynq
* Target device:  xc7z020clg484-1


================================================================
== Performance Estimates
================================================================
+ Timing (ns): 
    * Summary: 
    +--------+-------+----------+------------+
    |  Clock | Target| Estimated| Uncertainty|
    +--------+-------+----------+------------+
    |ap_clk  |  10.00|      8.41|        1.25|
    +--------+-------+----------+------------+

+ Latency (clock cycles): 
    * Summary: 
    +---------+---------+---------+---------+---------+
    |      Latency      |      Interval     | Pipeline|
    |   min   |   max   |   min   |   max   |   Type  |
    +---------+---------+---------+---------+---------+
    |  2797153|  2797153|  2797153|  2797153|   none  |
    +---------+---------+---------+---------+---------+

    + Detail: 
        * Instance: 
        N/A

        * Loop: 
        +-------------------+---------+---------+----------+-----------+-----------+------+----------+
        |                   |      Latency      | Iteration|  Initiation Interval  | Trip |          |
        |     Loop Name     |   min   |   max   |  Latency |  achieved |   target  | Count| Pipelined|
        +-------------------+---------+---------+----------+-----------+-----------+------+----------+
        |- LOOP_N           |  2797152|  2797152|    174822|          -|          -|    16|    no    |
        | + LOOP_X          |   174820|   174820|     17482|          -|          -|    10|    no    |
        |  ++ LOOP_Y        |    17480|    17480|      1748|          -|          -|    10|    no    |
        |   +++ LOOP_M      |     1746|     1746|       291|          -|          -|     6|    no    |
        |    ++++ LOOP_C    |      285|      285|        57|          -|          -|     5|    no    |
        |     +++++ LOOP_R  |       55|       55|        11|          -|          -|     5|    no    |
        +-------------------+---------+---------+----------+-----------+-----------+------+----------+



================================================================
== Utilization Estimates
================================================================
* Summary: 
+-----------------+---------+-------+--------+-------+
|       Name      | BRAM_18K| DSP48E|   FF   |  LUT  |
+-----------------+---------+-------+--------+-------+
|DSP              |        -|      -|       -|      -|
|Expression       |        -|      1|       0|    152|
|FIFO             |        -|      -|       -|      -|
|Instance         |        -|      5|     348|    711|
|Memory           |        8|      -|       0|      0|
|Multiplexer      |        -|      -|       -|    200|
|Register         |        -|      -|     300|      -|
+-----------------+---------+-------+--------+-------+
|Total            |        8|      6|     648|   1063|
+-----------------+---------+-------+--------+-------+
|Available        |      280|    220|  106400|  53200|
+-----------------+---------+-------+--------+-------+
|Utilization (%)  |        2|      2|   ~0   |      1|
+-----------------+---------+-------+--------+-------+

+ Detail: 
    * Instance: 
    +--------------------------------------+----------------------------------+---------+-------+-----+-----+
    |               Instance               |              Module              | BRAM_18K| DSP48E|  FF | LUT |
    +--------------------------------------+----------------------------------+---------+-------+-----+-----+
    |dut_fadd_32ns_32ns_32_5_full_dsp_U10  |dut_fadd_32ns_32ns_32_5_full_dsp  |        0|      2|  205|  390|
    |dut_fmul_32ns_32ns_32_4_max_dsp_U11   |dut_fmul_32ns_32ns_32_4_max_dsp   |        0|      3|  143|  321|
    +--------------------------------------+----------------------------------+---------+-------+-----+-----+
    |Total                                 |                                  |        0|      5|  348|  711|
    +--------------------------------------+----------------------------------+---------+-------+-----+-----+

    * DSP48: 
    N/A

    * Memory: 
    +----------------+------------------------+---------+---+----+------+-----+------+-------------+
    |     Memory     |         Module         | BRAM_18K| FF| LUT| Words| Bits| Banks| W*Bits*Banks|
    +----------------+------------------------+---------+---+----+------+-----+------+-------------+
    |conv2_weight_U  |dut_conv1_conv2_weight  |        8|  0|   0|  2400|   32|     1|        76800|
    +----------------+------------------------+---------+---+----+------+-----+------+-------------+
    |Total           |                        |        8|  0|   0|  2400|   32|     1|        76800|
    +----------------+------------------------+---------+---+----+------+-----+------+-------------+

    * FIFO: 
    N/A

    * Expression: 
    +---------------------+----------+-------+---+----+------------+------------+
    |    Variable Name    | Operation| DSP48E| FF| LUT| Bitwidth P0| Bitwidth P1|
    +---------------------+----------+-------+---+----+------------+------------+
    |tmp_25_fu_414_p2     |     *    |      1|  0|   0|           8|           5|
    |c_3_fu_438_p2        |     +    |      0|  0|   3|           3|           1|
    |i_index_fu_515_p2    |     +    |      0|  0|   2|          12|          12|
    |m_3_fu_369_p2        |     +    |      0|  0|   3|           3|           1|
    |n_2_fu_237_p2        |     +    |      0|  0|   5|           5|           1|
    |o_index_fu_354_p2    |     +    |      0|  0|  11|          11|          11|
    |r_2_fu_463_p2        |     +    |      0|  0|   3|           3|           1|
    |tmp1_fu_295_p2       |     +    |      0|  0|   6|           6|           6|
    |tmp2_fu_345_p2       |     +    |      0|  0|   9|           9|           9|
    |tmp4_fu_479_p2       |     +    |      0|  0|   8|           8|           8|
    |tmp6_fu_469_p2       |     +    |      0|  0|   4|           4|           4|
    |tmp7_fu_510_p2       |     +    |      0|  0|   2|          12|          12|
    |tmp8_fu_444_p2       |     +    |      0|  0|  13|          13|          13|
    |tmp9_fu_528_p2       |     +    |      0|  0|   5|           5|           5|
    |tmp_24_fu_405_p2     |     +    |      0|  0|   8|           8|           8|
    |tmp_fu_304_p2        |     +    |      0|  0|   8|           8|           8|
    |w_index_fu_538_p2    |     +    |      0|  0|  13|          13|          13|
    |x_3_fu_289_p2        |     +    |      0|  0|   4|           4|           1|
    |y_3_fu_339_p2        |     +    |      0|  0|   4|           4|           1|
    |tmp5_fu_504_p2       |     -    |      0|  0|  12|          12|          12|
    |tmp_20_fu_273_p2     |     -    |      0|  0|   8|           8|           8|
    |tmp_23_fu_399_p2     |     -    |      0|  0|   8|           8|           8|
    |exitcond1_fu_432_p2  |   icmp   |      0|  0|   2|           3|           3|
    |exitcond2_fu_333_p2  |   icmp   |      0|  0|   2|           4|           4|
    |exitcond3_fu_363_p2  |   icmp   |      0|  0|   2|           3|           3|
    |exitcond8_fu_231_p2  |   icmp   |      0|  0|   3|           5|           6|
    |exitcond9_fu_283_p2  |   icmp   |      0|  0|   2|           4|           4|
    |exitcond_fu_457_p2   |   icmp   |      0|  0|   2|           3|           3|
    +---------------------+----------+-------+---+----+------------+------------+
    |Total                |          |      1|  0| 152|         189|         171|
    +---------------------+----------+-------+---+----+------------+------------+

    * Multiplexer: 
    +----------------------+----+-----------+-----+-----------+
    |         Name         | LUT| Input Size| Bits| Total Bits|
    +----------------------+----+-----------+-----+-----------+
    |ap_NS_fsm             |  18|         22|    1|         22|
    |c_reg_184             |   3|          2|    3|          6|
    |filter_sum_1_reg_195  |  32|          2|   32|         64|
    |filter_sum_reg_172    |  32|          2|   32|         64|
    |grp_fu_218_p0         |  32|          3|   32|         96|
    |grp_fu_218_p1         |  32|          3|   32|         96|
    |m_reg_161             |   3|          2|    3|          6|
    |n_reg_114             |   5|          2|    5|         10|
    |r_reg_207             |   3|          2|    3|          6|
    |sum_reg_148           |  32|          2|   32|         64|
    |x_reg_125             |   4|          2|    4|          8|
    |y_reg_137             |   4|          2|    4|          8|
    +----------------------+----+-----------+-----+-----------+
    |Total                 | 200|         46|  183|        450|
    +----------------------+----+-----------+-----+-----------+

    * Register: 
    +----------------------+----+----+-----+-----------+
    |         Name         | FF | LUT| Bits| Const Bits|
    +----------------------+----+----+-----+-----------+
    |ap_CS_fsm             |  21|   0|   21|          0|
    |c_3_reg_644           |   3|   0|    3|          0|
    |c_cast2_reg_636       |   3|   0|   12|          9|
    |c_reg_184             |   3|   0|    3|          0|
    |filter_sum_1_reg_195  |  32|   0|   32|          0|
    |filter_sum_reg_172    |  32|   0|   32|          0|
    |i_index_reg_662       |  12|   0|   12|          0|
    |m_3_reg_621           |   3|   0|    3|          0|
    |m_reg_161             |   3|   0|    3|          0|
    |n_2_reg_562           |   5|   0|    5|          0|
    |n_reg_114             |   5|   0|    5|          0|
    |o_index_reg_613       |  11|   0|   11|          0|
    |p_shl3_cast_reg_567   |   4|   0|    8|          4|
    |p_shl4_cast1_reg_572  |   4|   0|    6|          2|
    |p_shl5_reg_590        |   8|   0|   11|          3|
    |p_shl6_reg_595        |   8|   0|    9|          1|
    |r_2_reg_657           |   3|   0|    3|          0|
    |r_reg_207             |   3|   0|    3|          0|
    |sum_reg_148           |  32|   0|   32|          0|
    |tmp8_reg_649          |  13|   0|   13|          0|
    |tmp_20_reg_577        |   7|   0|    8|          1|
    |tmp_23_reg_626        |   7|   0|    8|          1|
    |tmp_25_reg_631        |  13|   0|   13|          0|
    |tmp_33_reg_692        |  32|   0|   32|          0|
    |w_index_reg_667       |  13|   0|   13|          0|
    |x_3_reg_585           |   4|   0|    4|          0|
    |x_reg_125             |   4|   0|    4|          0|
    |y_3_reg_608           |   4|   0|    4|          0|
    |y_cast_reg_600        |   4|   0|   12|          8|
    |y_reg_137             |   4|   0|    4|          0|
    +----------------------+----+----+-----+-----------+
    |Total                 | 300|   0|  329|         29|
    +----------------------+----+----+-----+-----------+



================================================================
== Interface
================================================================
* Summary: 
+-------------------+-----+-----+------------+--------------+--------------+
|     RTL Ports     | Dir | Bits|  Protocol  | Source Object|    C Type    |
+-------------------+-----+-----+------------+--------------+--------------+
|ap_clk             |  in |    1| ap_ctrl_hs |   dut_conv1  | return value |
|ap_rst             |  in |    1| ap_ctrl_hs |   dut_conv1  | return value |
|ap_start           |  in |    1| ap_ctrl_hs |   dut_conv1  | return value |
|ap_done            | out |    1| ap_ctrl_hs |   dut_conv1  | return value |
|ap_idle            | out |    1| ap_ctrl_hs |   dut_conv1  | return value |
|ap_ready           | out |    1| ap_ctrl_hs |   dut_conv1  | return value |
|input_r_address0   | out |   13|  ap_memory |    input_r   |     array    |
|input_r_ce0        | out |    1|  ap_memory |    input_r   |     array    |
|input_r_q0         |  in |   32|  ap_memory |    input_r   |     array    |
|output_r_address0  | out |   13|  ap_memory |   output_r   |     array    |
|output_r_ce0       | out |    1|  ap_memory |   output_r   |     array    |
|output_r_we0       | out |    1|  ap_memory |   output_r   |     array    |
|output_r_d0        | out |   32|  ap_memory |   output_r   |     array    |
+-------------------+-----+-----+------------+--------------+--------------+

