
****** Vivado(TM) HLS - High-Level Synthesis from C, C++ and SystemC v2019.2.1 (64-bit)
  **** SW Build 2729669 on Thu Dec  5 04:48:12 MST 2019
  **** IP Build 2729494 on Thu Dec  5 07:38:25 MST 2019
    ** Copyright 1986-2019 Xilinx, Inc. All Rights Reserved.

source /opt/xilinx/Xilinx_Vivado_vitis_2019.2/Vivado/2019.2/scripts/vivado_hls/hls.tcl -notrace
INFO: Applying HLS Y2K22 patch v1.2 for IP revision
INFO: [HLS 200-10] Running '/opt/xilinx/Xilinx_Vivado_vitis_2019.2/Vivado/2019.2/bin/unwrapped/lnx64.o/vivado_hls'
INFO: [HLS 200-10] For user 'nrb74' on host 'en-ec-ecelinux-01.coecis.cornell.edu' (Linux_x86_64 version 3.10.0-1160.76.1.el7.x86_64) on Mon Oct 03 21:40:22 EDT 2022
INFO: [HLS 200-10] On os "CentOS Linux release 7.9.2009 (Core)"
INFO: [HLS 200-10] In directory '/home/nrb74/ece5775/lab3/ecelinux'
Sourcing Tcl script 'run_pipeline.tcl'
INFO: [HLS 200-10] Opening and resetting project '/home/nrb74/ece5775/lab3/ecelinux/digitrec.prj'.
INFO: [HLS 200-10] Adding design file 'digitrec.cpp' to the project
INFO: [HLS 200-10] Adding test bench file 'digitrec_test.cpp' to the project
INFO: [HLS 200-10] Adding test bench file 'data' to the project
INFO: [HLS 200-10] Opening and resetting solution '/home/nrb74/ece5775/lab3/ecelinux/digitrec.prj/solution1'.
INFO: [HLS 200-10] Cleaning up the solution database.
INFO: [HLS 200-10] Setting target device to 'xc7z020-clg484-1'
INFO: [SYN 201-201] Setting up clock 'default' with a period of 10ns.
INFO: [SCHED 204-61] Option 'relax_ii_for_timing' is enabled, will increase II to preserve clock frequency constraints.
INFO: [HLS 200-10] Analyzing design file 'digitrec.cpp' ... 
INFO: [HLS 200-111] Finished Linking Time (s): cpu = 00:00:35 ; elapsed = 00:00:41 . Memory (MB): peak = 1179.582 ; gain = 527.219 ; free physical = 3574 ; free virtual = 26550
INFO: [HLS 200-111] Finished Checking Pragmas Time (s): cpu = 00:00:35 ; elapsed = 00:00:41 . Memory (MB): peak = 1179.582 ; gain = 527.219 ; free physical = 3576 ; free virtual = 26551
INFO: [HLS 200-10] Starting code transformations ...
INFO: [XFORM 203-603] Inlining function 'update_knn' into 'digitrec' (digitrec.cpp:56).
INFO: [HLS 200-111] Finished Standard Transforms Time (s): cpu = 00:00:36 ; elapsed = 00:00:43 . Memory (MB): peak = 1179.582 ; gain = 527.219 ; free physical = 3557 ; free virtual = 26536
INFO: [HLS 200-10] Checking synthesizability ...
WARNING: [SYNCHK 200-23] digitrec.cpp:86: variable-indexed range selection may cause suboptimal QoR.
INFO: [SYNCHK 200-10] 0 error(s), 1 warning(s).
INFO: [HLS 200-111] Finished Checking Synthesizability Time (s): cpu = 00:00:36 ; elapsed = 00:00:43 . Memory (MB): peak = 1179.934 ; gain = 527.570 ; free physical = 3547 ; free virtual = 26526
INFO: [XFORM 203-502] Unrolling all sub-loops inside loop 'L1800' (digitrec.cpp:51) in function 'digitrec' for pipelining.
INFO: [HLS 200-489] Unrolling loop 'DIGITREC_INIT_KNN_LOOP_0' (digitrec.cpp:46) in function 'digitrec' completely with a factor of 10.
INFO: [HLS 200-489] Unrolling loop 'DIGITREC_INIT_KNN_LOOP_1' (digitrec.cpp:49) in function 'digitrec' completely with a factor of 3.
INFO: [HLS 200-489] Unrolling loop 'L10' (digitrec.cpp:52) in function 'digitrec' completely with a factor of 10.
INFO: [HLS 200-489] Unrolling loop 'UPDATE_FIND_DISTANCE_LOOP' (digitrec.cpp:85) in function 'digitrec' completely with a factor of 49.
INFO: [HLS 200-489] Unrolling loop 'UPDATE_MIN_DISTANCE_LOOP' (digitrec.cpp:95) in function 'digitrec' completely with a factor of 3.
INFO: [HLS 200-489] Unrolling loop 'VOTE_INIT_LOOP' (digitrec.cpp:127) in function 'knn_vote' completely with a factor of 3.
INFO: [HLS 200-489] Unrolling loop 'VOTE_INIT_BALLOT_LOOP' (digitrec.cpp:134) in function 'knn_vote' completely with a factor of 10.
INFO: [HLS 200-489] Unrolling loop 'VOTE_DIGIT_OPTION_LOOP' (digitrec.cpp:140) in function 'knn_vote' completely with a factor of 10.
INFO: [HLS 200-489] Unrolling loop 'VOTE_DISTANCE_LOOP' (digitrec.cpp:141) in function 'knn_vote' completely with a factor of 3.
INFO: [HLS 200-489] Unrolling loop 'VOTE_DIGIT_LOOP' (digitrec.cpp:145) in function 'knn_vote' completely with a factor of 3.
INFO: [HLS 200-489] Unrolling loop 'VOTE_SUM_VOTE_LOOP' (digitrec.cpp:156) in function 'knn_vote' completely with a factor of 3.
INFO: [HLS 200-489] Unrolling loop 'VOTE_DECIDE_WINNER_LOOP' (digitrec.cpp:161) in function 'knn_vote' completely with a factor of 10.
INFO: [XFORM 203-102] Partitioning array 'training_data.V' in dimension 1 automatically.
INFO: [XFORM 203-101] Partitioning array 'knn_set.V' (digitrec.cpp:41) in dimension 1 completely.
INFO: [XFORM 203-101] Partitioning array 'distance.V' (digitrec.cpp:119) in dimension 1 completely.
INFO: [XFORM 203-101] Partitioning array 'digit.V' (digitrec.cpp:120) in dimension 1 completely.
INFO: [XFORM 203-101] Partitioning array 'ballot.V' (digitrec.cpp:121) in dimension 1 completely.
INFO: [XFORM 203-102] Automatically partitioning small array 'knn_set.V.0' (digitrec.cpp:41) completely based on array size.
INFO: [XFORM 203-102] Automatically partitioning small array 'knn_set.V.1' (digitrec.cpp:41) completely based on array size.
INFO: [XFORM 203-102] Automatically partitioning small array 'knn_set.V.2' (digitrec.cpp:41) completely based on array size.
INFO: [XFORM 203-102] Automatically partitioning small array 'knn_set.V.3' (digitrec.cpp:41) completely based on array size.
INFO: [XFORM 203-102] Automatically partitioning small array 'knn_set.V.4' (digitrec.cpp:41) completely based on array size.
INFO: [XFORM 203-102] Automatically partitioning small array 'knn_set.V.5' (digitrec.cpp:41) completely based on array size.
INFO: [XFORM 203-102] Automatically partitioning small array 'knn_set.V.6' (digitrec.cpp:41) completely based on array size.
INFO: [XFORM 203-102] Automatically partitioning small array 'knn_set.V.7' (digitrec.cpp:41) completely based on array size.
INFO: [XFORM 203-102] Automatically partitioning small array 'knn_set.V.8' (digitrec.cpp:41) completely based on array size.
INFO: [XFORM 203-102] Automatically partitioning small array 'knn_set.V.9' (digitrec.cpp:41) completely based on array size.
INFO: [XFORM 203-101] Partitioning array 'knn_set.V.0' (digitrec.cpp:41) in dimension 1 completely.
INFO: [XFORM 203-101] Partitioning array 'knn_set.V.1' (digitrec.cpp:41) in dimension 1 completely.
INFO: [XFORM 203-101] Partitioning array 'knn_set.V.2' (digitrec.cpp:41) in dimension 1 completely.
INFO: [XFORM 203-101] Partitioning array 'knn_set.V.3' (digitrec.cpp:41) in dimension 1 completely.
INFO: [XFORM 203-101] Partitioning array 'knn_set.V.4' (digitrec.cpp:41) in dimension 1 completely.
INFO: [XFORM 203-101] Partitioning array 'knn_set.V.5' (digitrec.cpp:41) in dimension 1 completely.
INFO: [XFORM 203-101] Partitioning array 'knn_set.V.6' (digitrec.cpp:41) in dimension 1 completely.
INFO: [XFORM 203-101] Partitioning array 'knn_set.V.7' (digitrec.cpp:41) in dimension 1 completely.
INFO: [XFORM 203-101] Partitioning array 'knn_set.V.8' (digitrec.cpp:41) in dimension 1 completely.
INFO: [XFORM 203-101] Partitioning array 'knn_set.V.9' (digitrec.cpp:41) in dimension 1 completely.
INFO: [XFORM 203-401] Performing if-conversion on hyperblock from (digitrec.cpp:113:25) to (digitrec.cpp:166:5) in function 'knn_vote'... converting 291 basic blocks.
INFO: [XFORM 203-401] Performing if-conversion on hyperblock from (digitrec.cpp:51:44) to (digitrec.cpp:51:37) in function 'digitrec'... converting 61 basic blocks.
INFO: [XFORM 203-11] Balancing expressions in function 'digitrec' (digitrec.cpp:51:13)...950 expression(s) balanced.
INFO: [HLS 200-111] Finished Pre-synthesis Time (s): cpu = 00:00:44 ; elapsed = 00:00:51 . Memory (MB): peak = 1179.934 ; gain = 527.570 ; free physical = 3413 ; free virtual = 26408
INFO: [HLS 200-111] Finished Architecture Synthesis Time (s): cpu = 00:00:50 ; elapsed = 00:00:57 . Memory (MB): peak = 1179.934 ; gain = 527.570 ; free physical = 3272 ; free virtual = 26267
INFO: [HLS 200-10] Starting hardware synthesis ...
INFO: [HLS 200-10] Synthesizing 'dut' ...
INFO: [HLS 200-10] ----------------------------------------------------------------
INFO: [HLS 200-42] -- Implementing module 'knn_vote' 
INFO: [HLS 200-10] ----------------------------------------------------------------
INFO: [SCHED 204-11] Starting scheduling ...
INFO: [SCHED 204-11] Finished scheduling.
INFO: [HLS 200-111]  Elapsed time: 59.14 seconds; current allocated memory: 194.501 MB.
INFO: [BIND 205-100] Starting micro-architecture generation ...
INFO: [BIND 205-101] Performing variable lifetime analysis.
INFO: [BIND 205-101] Exploring resource sharing.
INFO: [BIND 205-101] Binding ...
INFO: [BIND 205-100] Finished micro-architecture generation.
INFO: [HLS 200-111]  Elapsed time: 3.17 seconds; current allocated memory: 199.230 MB.
INFO: [HLS 200-10] ----------------------------------------------------------------
INFO: [HLS 200-42] -- Implementing module 'digitrec' 
INFO: [HLS 200-10] ----------------------------------------------------------------
INFO: [SCHED 204-11] Starting scheduling ...
INFO: [SCHED 204-61] Pipelining loop 'L1800'.
INFO: [SCHED 204-61] Pipelining result : Target II = 1, Final II = 1, Depth = 4.
INFO: [SCHED 204-11] Finished scheduling.
INFO: [HLS 200-111]  Elapsed time: 5.14 seconds; current allocated memory: 205.257 MB.
INFO: [BIND 205-100] Starting micro-architecture generation ...
INFO: [BIND 205-101] Performing variable lifetime analysis.
INFO: [BIND 205-101] Exploring resource sharing.
INFO: [BIND 205-101] Binding ...
INFO: [BIND 205-100] Finished micro-architecture generation.
INFO: [HLS 200-111]  Elapsed time: 6.53 seconds; current allocated memory: 211.963 MB.
INFO: [HLS 200-10] ----------------------------------------------------------------
INFO: [HLS 200-42] -- Implementing module 'dut' 
INFO: [HLS 200-10] ----------------------------------------------------------------
INFO: [SCHED 204-11] Starting scheduling ...
INFO: [SCHED 204-11] Finished scheduling.
INFO: [HLS 200-111]  Elapsed time: 7.74 seconds; current allocated memory: 213.732 MB.
INFO: [BIND 205-100] Starting micro-architecture generation ...
INFO: [BIND 205-101] Performing variable lifetime analysis.
INFO: [BIND 205-101] Exploring resource sharing.
INFO: [BIND 205-101] Binding ...
INFO: [BIND 205-100] Finished micro-architecture generation.
INFO: [HLS 200-111]  Elapsed time: 1.14 seconds; current allocated memory: 214.298 MB.
INFO: [HLS 200-10] ----------------------------------------------------------------
INFO: [HLS 200-10] -- Generating RTL for module 'knn_vote' 
INFO: [HLS 200-10] ----------------------------------------------------------------
INFO: [RTGEN 206-100] Generating core module 'dut_mux_104_4_1_1': 3 instance(s).
INFO: [RTGEN 206-100] Finished creating RTL model for 'knn_vote'.
INFO: [HLS 200-111]  Elapsed time: 3.17 seconds; current allocated memory: 223.592 MB.
INFO: [HLS 200-10] ----------------------------------------------------------------
INFO: [HLS 200-10] -- Generating RTL for module 'digitrec' 
INFO: [HLS 200-10] ----------------------------------------------------------------
INFO: [SYN 201-210] Renamed object name 'digitrec_training_data_V_0' to 'digitrec_trainingbkb' due to the length limit 20
INFO: [SYN 201-210] Renamed object name 'digitrec_training_data_V_1' to 'digitrec_trainingcud' due to the length limit 20
INFO: [SYN 201-210] Renamed object name 'digitrec_training_data_V_2' to 'digitrec_trainingdEe' due to the length limit 20
INFO: [SYN 201-210] Renamed object name 'digitrec_training_data_V_3' to 'digitrec_trainingeOg' due to the length limit 20
INFO: [SYN 201-210] Renamed object name 'digitrec_training_data_V_4' to 'digitrec_trainingfYi' due to the length limit 20
INFO: [SYN 201-210] Renamed object name 'digitrec_training_data_V_5' to 'digitrec_trainingg8j' due to the length limit 20
INFO: [SYN 201-210] Renamed object name 'digitrec_training_data_V_6' to 'digitrec_traininghbi' due to the length limit 20
INFO: [SYN 201-210] Renamed object name 'digitrec_training_data_V_7' to 'digitrec_trainingibs' due to the length limit 20
INFO: [SYN 201-210] Renamed object name 'digitrec_training_data_V_8' to 'digitrec_trainingjbC' due to the length limit 20
INFO: [SYN 201-210] Renamed object name 'digitrec_training_data_V_9' to 'digitrec_trainingkbM' due to the length limit 20
INFO: [RTGEN 206-100] Finished creating RTL model for 'digitrec'.
INFO: [HLS 200-111]  Elapsed time: 8.98 seconds; current allocated memory: 255.754 MB.
INFO: [HLS 200-10] ----------------------------------------------------------------
INFO: [HLS 200-10] -- Generating RTL for module 'dut' 
INFO: [HLS 200-10] ----------------------------------------------------------------
INFO: [RTGEN 206-500] Setting interface mode on port 'dut/strm_in_V_V' to 'ap_fifo'.
INFO: [RTGEN 206-500] Setting interface mode on port 'dut/strm_out_V_V' to 'ap_fifo'.
INFO: [RTGEN 206-500] Setting interface mode on function 'dut' to 'ap_ctrl_hs'.
INFO: [RTGEN 206-100] Finished creating RTL model for 'dut'.
INFO: [HLS 200-111]  Elapsed time: 12.76 seconds; current allocated memory: 284.615 MB.
INFO: [HLS 200-790] **** Loop Constraint Status: All loop constraints were satisfied.
INFO: [HLS 200-789] **** Estimated Fmax: 114.77 MHz
INFO: [RTMG 210-279] Implementing memory 'digitrec_trainingbkb_rom' using auto ROMs.
INFO: [RTMG 210-279] Implementing memory 'digitrec_trainingcud_rom' using auto ROMs.
INFO: [RTMG 210-279] Implementing memory 'digitrec_trainingdEe_rom' using auto ROMs.
INFO: [RTMG 210-279] Implementing memory 'digitrec_trainingeOg_rom' using auto ROMs.
INFO: [RTMG 210-279] Implementing memory 'digitrec_trainingfYi_rom' using auto ROMs.
INFO: [RTMG 210-279] Implementing memory 'digitrec_trainingg8j_rom' using auto ROMs.
INFO: [RTMG 210-279] Implementing memory 'digitrec_traininghbi_rom' using auto ROMs.
INFO: [RTMG 210-279] Implementing memory 'digitrec_trainingibs_rom' using auto ROMs.
INFO: [RTMG 210-279] Implementing memory 'digitrec_trainingjbC_rom' using auto ROMs.
INFO: [RTMG 210-279] Implementing memory 'digitrec_trainingkbM_rom' using auto ROMs.
INFO: [HLS 200-111] Finished generating all RTL models Time (s): cpu = 00:01:32 ; elapsed = 00:02:01 . Memory (MB): peak = 1307.582 ; gain = 655.219 ; free physical = 2908 ; free virtual = 25954
INFO: [VHDL 208-304] Generating VHDL RTL for dut.
INFO: [VLOG 209-307] Generating Verilog RTL for dut.
INFO: [HLS 200-112] Total elapsed time: 121.37 seconds; peak allocated memory: 284.615 MB.
INFO: [Common 17-206] Exiting vivado_hls at Mon Oct  3 21:42:22 2022...
